2023-09-12 08:25:08,068 [INFO] ApplicationProperties:184 - Using Application install path: C:\ST\STM32CubeIDE_1.12.0\STM32CubeIDE\plugins\com.st.stm32cube.common.mx_6.8.0.202302231600
2023-09-12 08:25:08,087 [INFO] DbMcusXml:78 - Set database path to: C:\ST\STM32CubeIDE_1.12.0\STM32CubeIDE\plugins\com.st.stm32cube.common.mx_6.8.0.202302231600\\db\/mcu/
2023-09-12 08:25:08,088 [INFO] ApiDb:274 - Set plugin database path to: C:\ST\STM32CubeIDE_1.12.0\STM32CubeIDE\plugins\com.st.stm32cube.common.mx_6.8.0.202302231600\\db\/plugins/boardmanager/
2023-09-12 08:25:08,089 [WARN] ApiDb:259 - Overriding images path with different value:  => C:\ST\STM32CubeIDE_1.12.0\STM32CubeIDE\plugins\com.st.stm32cube.common.mx_6.8.0.202302231600\\db\/plugins/mcufinder/images/
2023-09-12 08:25:08,097 [INFO] ApiDb:250 - Set database path to: C:\Users\Chienpeng.h.ARBIN\.stmcufinder\plugins\mcufinder//mcu/
2023-09-12 08:25:08,097 [INFO] DbMcusAds:125 - Set database path to: C:\Users\Chienpeng.h.ARBIN\.stmcufinder\plugins\mcufinder//mcu/
2023-09-12 08:25:08,173 [INFO] CrossReferenceDbSqlite:203 - Set database path to: C:\Users\Chienpeng.h.ARBIN\.stmcufinder\plugins\mcufinder//mcu/cs/
2023-09-12 08:25:08,244 [INFO] RulesReader:64 - Compatibility file has been processed (293 Rules)
2023-09-12 08:25:08,338 [INFO] DbMcusXml:78 - Set database path to: C:\ST\STM32CubeIDE_1.12.0\STM32CubeIDE\plugins\com.st.stm32cube.common.mx_6.8.0.202302231600\\db\/mcu/
2023-09-12 08:25:08,338 [INFO] ApiDb:274 - Set plugin database path to: C:\ST\STM32CubeIDE_1.12.0\STM32CubeIDE\plugins\com.st.stm32cube.common.mx_6.8.0.202302231600\\db\/plugins/boardmanager/
2023-09-12 08:25:08,338 [INFO] ApiDb:261 - Set plugin images path to: C:\ST\STM32CubeIDE_1.12.0\STM32CubeIDE\plugins\com.st.stm32cube.common.mx_6.8.0.202302231600\\db\/plugins/mcufinder/images/
2023-09-12 08:25:08,338 [WARN] DbFile:41 - Overriding database path with different value: C:\Users\Chienpeng.h.ARBIN\.stmcufinder\plugins\mcufinder/ => C:\Users\Chienpeng.h.ARBIN\.stmcufinder\plugins\mcufinder
2023-09-12 08:25:08,339 [INFO] ApiDb:250 - Set database path to: C:\Users\Chienpeng.h.ARBIN\.stmcufinder\plugins\mcufinder//mcu/
2023-09-12 08:25:08,339 [WARN] DbFile:41 - Overriding database path with different value: C:\Users\Chienpeng.h.ARBIN\.stmcufinder\plugins\mcufinder/ => C:\Users\Chienpeng.h.ARBIN\.stmcufinder\plugins\mcufinder
2023-09-12 08:25:08,339 [INFO] DbMcusAds:125 - Set database path to: C:\Users\Chienpeng.h.ARBIN\.stmcufinder\plugins\mcufinder//mcu/
2023-09-12 08:25:08,339 [WARN] DbFile:41 - Overriding database path with different value: C:\Users\Chienpeng.h.ARBIN\.stmcufinder\plugins\mcufinder/ => C:\Users\Chienpeng.h.ARBIN\.stmcufinder\plugins\mcufinder
2023-09-12 08:25:08,339 [WARN] DbFile:41 - Overriding database path with different value: C:\Users\Chienpeng.h.ARBIN\.stmcufinder\plugins\mcufinder/ => C:\Users\Chienpeng.h.ARBIN\.stmcufinder\plugins\mcufinder
2023-09-12 08:25:08,339 [INFO] CrossReferenceDbSqlite:203 - Set database path to: C:\Users\Chienpeng.h.ARBIN\.stmcufinder\plugins\mcufinder//mcu/cs/
2023-09-12 08:25:08,406 [INFO] MainPanel:253 - HeapMemory: 495976448
2023-09-12 08:25:08,469 [INFO] DbMcusXml:78 - Set database path to: C:\ST\STM32CubeIDE_1.12.0\STM32CubeIDE\plugins\com.st.stm32cube.common.mx_6.8.0.202302231600\\db\/mcu/
2023-09-12 08:25:08,470 [INFO] ApiDb:274 - Set plugin database path to: C:\ST\STM32CubeIDE_1.12.0\STM32CubeIDE\plugins\com.st.stm32cube.common.mx_6.8.0.202302231600\\db\/plugins/boardmanager/
2023-09-12 08:25:08,470 [INFO] ApiDb:261 - Set plugin images path to: C:\ST\STM32CubeIDE_1.12.0\STM32CubeIDE\plugins\com.st.stm32cube.common.mx_6.8.0.202302231600\\db\/plugins/mcufinder/images/
2023-09-12 08:25:08,470 [WARN] DbFile:41 - Overriding database path with different value: C:\Users\Chienpeng.h.ARBIN\.stmcufinder\plugins\mcufinder/ => C:\Users\Chienpeng.h.ARBIN\.stmcufinder\plugins\mcufinder
2023-09-12 08:25:08,470 [INFO] ApiDb:250 - Set database path to: C:\Users\Chienpeng.h.ARBIN\.stmcufinder\plugins\mcufinder//mcu/
2023-09-12 08:25:08,470 [WARN] DbFile:41 - Overriding database path with different value: C:\Users\Chienpeng.h.ARBIN\.stmcufinder\plugins\mcufinder/ => C:\Users\Chienpeng.h.ARBIN\.stmcufinder\plugins\mcufinder
2023-09-12 08:25:08,470 [INFO] DbMcusAds:125 - Set database path to: C:\Users\Chienpeng.h.ARBIN\.stmcufinder\plugins\mcufinder//mcu/
2023-09-12 08:25:08,470 [WARN] DbFile:41 - Overriding database path with different value: C:\Users\Chienpeng.h.ARBIN\.stmcufinder\plugins\mcufinder/ => C:\Users\Chienpeng.h.ARBIN\.stmcufinder\plugins\mcufinder
2023-09-12 08:25:08,471 [WARN] DbFile:41 - Overriding database path with different value: C:\Users\Chienpeng.h.ARBIN\.stmcufinder\plugins\mcufinder/ => C:\Users\Chienpeng.h.ARBIN\.stmcufinder\plugins\mcufinder
2023-09-12 08:25:08,471 [INFO] CrossReferenceDbSqlite:203 - Set database path to: C:\Users\Chienpeng.h.ARBIN\.stmcufinder\plugins\mcufinder//mcu/cs/
2023-09-12 08:25:08,484 [INFO] ApplicationProperties:184 - Using Application install path: C:\ST\STM32CubeIDE_1.12.0\STM32CubeIDE\plugins\com.st.stm32cube.common.mx_6.8.0.202302231600
2023-09-12 08:25:08,484 [INFO] PluginManage:196 - Search for loadable plugins [exclusion list=, ]
2023-09-12 08:25:08,485 [INFO] PluginManage:310 - Check plugin analytics
2023-09-12 08:25:08,586 [INFO] AnalyticsPlugin:253 - Accepted Software Licenses: 
2023-09-12 08:25:08,586 [INFO] AnalyticsPlugin:255 - Accepted CMSIS Pack Licenses: 
2023-09-12 08:25:08,587 [INFO] AnalyticsPlugin:257 - Accepted Firmware Licenses: 
2023-09-12 08:25:08,592 [INFO] PluginManage:359 - Loaded plugin analytics (category:tool,tabindex:-1)
2023-09-12 08:25:08,592 [INFO] PluginManage:310 - Check plugin cadmodel
2023-09-12 08:25:08,597 [INFO] CADModel:105 - Init CAD model plugin
2023-09-12 08:25:08,597 [INFO] PluginManage:359 - Loaded plugin cadmodel (category:power,tabindex:5)
2023-09-12 08:25:08,597 [INFO] PluginManage:310 - Check plugin clock
2023-09-12 08:25:08,605 [INFO] PluginManage:359 - Loaded plugin clock (category:base,tabindex:2)
2023-09-12 08:25:08,605 [INFO] PluginManage:310 - Check plugin ddr
2023-09-12 08:25:08,616 [INFO] PluginManage:359 - Loaded plugin ddr (category:tool,tabindex:6)
2023-09-12 08:25:08,616 [INFO] PluginManage:310 - Check plugin filemanager
2023-09-12 08:25:08,708 [INFO] PluginManage:359 - Loaded plugin filemanager (category:base,tabindex:10)
2023-09-12 08:25:08,708 [INFO] PluginManage:310 - Check plugin ipmanager
2023-09-12 08:25:08,714 [INFO] PluginManage:359 - Loaded plugin ipmanager (category:base,tabindex:5)
2023-09-12 08:25:08,714 [INFO] PluginManage:310 - Check plugin lpbam
2023-09-12 08:25:08,720 [INFO] PluginManage:359 - Loaded plugin lpbam (category:base,tabindex:0)
2023-09-12 08:25:08,720 [INFO] PluginManage:310 - Check plugin pinoutandconfiguration
2023-09-12 08:25:08,725 [INFO] PluginManage:359 - Loaded plugin pinoutandconfiguration (category:base,tabindex:1)
2023-09-12 08:25:08,725 [INFO] PluginManage:310 - Check plugin pinoutconfig
2023-09-12 08:25:08,776 [WARN] SupportedApi:132 - Cannot load RTOS API schema: s4s-elt-must-match.1: The content of 'definitions' must match (annotation?, (simpleType | complexType)?, (unique | key | keyref)*)). A problem was found starting at: attribute.
2023-09-12 08:25:08,864 [INFO] PluginManage:359 - Loaded plugin pinoutconfig (category:base,tabindex:0)
2023-09-12 08:25:08,864 [INFO] PluginManage:310 - Check plugin power
2023-09-12 08:25:08,872 [INFO] PluginManage:359 - Loaded plugin power (category:power,tabindex:4)
2023-09-12 08:25:08,872 [INFO] PluginManage:310 - Check plugin projectmanager
2023-09-12 08:25:08,884 [INFO] PluginManage:359 - Loaded plugin projectmanager (category:projectmanager,tabindex:3)
2023-09-12 08:25:08,884 [INFO] PluginManage:310 - Check plugin thirdparty
2023-09-12 08:25:08,984 [INFO] PluginManage:359 - Loaded plugin thirdparty (category:base,tabindex:-1)
2023-09-12 08:25:08,984 [WARN] IntegrityCheckThread:84 - waiting for thirdparty lock release [integrity check]
2023-09-12 08:25:08,984 [INFO] PluginManage:310 - Check plugin tools
2023-09-12 08:25:08,984 [INFO] IntegrityCheckThread:86 - entering critical section [integrity check]
2023-09-12 08:25:08,986 [INFO] ThirdPartyUpdaterWithRetryManager:70 - Updater plugin not ready yet. [1/15]
2023-09-12 08:25:08,986 [INFO] PluginManage:359 - Loaded plugin tools (category:base,tabindex:7)
2023-09-12 08:25:08,987 [INFO] PluginManage:310 - Check plugin tutovideos
2023-09-12 08:25:09,111 [INFO] PluginManage:359 - Loaded plugin tutovideos (category:base,tabindex:-1)
2023-09-12 08:25:09,111 [INFO] PluginManage:310 - Check plugin updater
2023-09-12 08:25:09,121 [INFO] PluginManage:359 - Loaded plugin updater (category:base,tabindex:12)
2023-09-12 08:25:09,122 [INFO] PluginManage:283 - PluginManage : Loaded plugins [15]
2023-09-12 08:25:09,319 [INFO] PinOutPanel:1499 - setPackage(No Configuration,No Configuration)
2023-09-12 08:25:09,377 [INFO] CADModel:165 - CPN selected for project level
2023-09-12 08:25:09,378 [INFO] CADModel:114 - Register for checkConnection events
2023-09-12 08:25:09,409 [INFO] IPUIPlugin:80 - create IPUIPlugin
2023-09-12 08:25:09,410 [INFO] PluginManager:220 - loadIPPluginJar : add adc
2023-09-12 08:25:09,412 [INFO] IPUIPlugin:80 - create IPUIPlugin
2023-09-12 08:25:09,412 [INFO] PluginManager:220 - loadIPPluginJar : add aes
2023-09-12 08:25:09,414 [INFO] IPUIPlugin:80 - create IPUIPlugin
2023-09-12 08:25:09,414 [INFO] PluginManager:220 - loadIPPluginJar : add can
2023-09-12 08:25:09,415 [INFO] IPUIPlugin:80 - create IPUIPlugin
2023-09-12 08:25:09,415 [INFO] PluginManager:220 - loadIPPluginJar : add comp
2023-09-12 08:25:09,417 [INFO] IPUIPlugin:80 - create IPUIPlugin
2023-09-12 08:25:09,417 [INFO] PluginManager:220 - loadIPPluginJar : add cryp
2023-09-12 08:25:09,418 [INFO] IPUIPlugin:80 - create IPUIPlugin
2023-09-12 08:25:09,418 [INFO] PluginManager:220 - loadIPPluginJar : add dfsdm
2023-09-12 08:25:09,423 [INFO] IPUIPlugin:80 - create IPUIPlugin
2023-09-12 08:25:09,423 [INFO] PluginManager:220 - loadIPPluginJar : add dma
2023-09-12 08:25:09,425 [INFO] IPUIPlugin:80 - create IPUIPlugin
2023-09-12 08:25:09,425 [INFO] PluginManager:220 - loadIPPluginJar : add dma3
2023-09-12 08:25:09,426 [INFO] IPUIPlugin:80 - create IPUIPlugin
2023-09-12 08:25:09,426 [INFO] PluginManager:220 - loadIPPluginJar : add fatfs
2023-09-12 08:25:09,429 [INFO] IPUIPlugin:80 - create IPUIPlugin
2023-09-12 08:25:09,429 [INFO] PluginManager:220 - loadIPPluginJar : add fmc
2023-09-12 08:25:09,433 [INFO] IPUIPlugin:80 - create IPUIPlugin
2023-09-12 08:25:09,433 [INFO] PluginManager:220 - loadIPPluginJar : add freertos
2023-09-12 08:25:09,434 [INFO] IPUIPlugin:80 - create IPUIPlugin
2023-09-12 08:25:09,434 [INFO] PluginManager:220 - loadIPPluginJar : add genericplugin
2023-09-12 08:25:09,435 [INFO] IPUIPlugin:80 - create IPUIPlugin
2023-09-12 08:25:09,435 [INFO] PluginManager:220 - loadIPPluginJar : add gfxmmu
2023-09-12 08:25:09,438 [INFO] IPUIPlugin:80 - create IPUIPlugin
2023-09-12 08:25:09,438 [INFO] PluginManager:220 - loadIPPluginJar : add gic
2023-09-12 08:25:09,441 [INFO] IPUIPlugin:80 - create IPUIPlugin
2023-09-12 08:25:09,441 [INFO] PluginManager:220 - loadIPPluginJar : add gpio
2023-09-12 08:25:09,444 [INFO] IPUIPlugin:80 - create IPUIPlugin
2023-09-12 08:25:09,444 [INFO] PluginManager:220 - loadIPPluginJar : add gtzc
2023-09-12 08:25:09,446 [INFO] IPUIPlugin:80 - create IPUIPlugin
2023-09-12 08:25:09,446 [INFO] PluginManager:220 - loadIPPluginJar : add hash
2023-09-12 08:25:09,448 [INFO] IPUIPlugin:80 - create IPUIPlugin
2023-09-12 08:25:09,448 [INFO] PluginManager:220 - loadIPPluginJar : add i2c
2023-09-12 08:25:09,450 [INFO] IPUIPlugin:80 - create IPUIPlugin
2023-09-12 08:25:09,450 [INFO] PluginManager:220 - loadIPPluginJar : add i2s
2023-09-12 08:25:09,452 [INFO] IPUIPlugin:80 - create IPUIPlugin
2023-09-12 08:25:09,452 [INFO] PluginManager:220 - loadIPPluginJar : add i3c
2023-09-12 08:25:09,454 [INFO] IPUIPlugin:80 - create IPUIPlugin
2023-09-12 08:25:09,455 [INFO] PluginManager:220 - loadIPPluginJar : add ipddr
2023-09-12 08:25:09,461 [INFO] IPUIPlugin:80 - create IPUIPlugin
2023-09-12 08:25:09,461 [INFO] PluginManager:220 - loadIPPluginJar : add linkedlist
2023-09-12 08:25:09,463 [INFO] IPUIPlugin:80 - create IPUIPlugin
2023-09-12 08:25:09,463 [INFO] PluginManager:220 - loadIPPluginJar : add lorawan
2023-09-12 08:25:09,464 [INFO] IPUIPlugin:80 - create IPUIPlugin
2023-09-12 08:25:09,464 [INFO] PluginManager:220 - loadIPPluginJar : add ltdc
2023-09-12 08:25:09,468 [INFO] IPUIPlugin:80 - create IPUIPlugin
2023-09-12 08:25:09,469 [INFO] PluginManager:220 - loadIPPluginJar : add mdma
2023-09-12 08:25:09,472 [INFO] IPUIPlugin:80 - create IPUIPlugin
2023-09-12 08:25:09,472 [INFO] PluginManager:220 - loadIPPluginJar : add nvic
2023-09-12 08:25:09,474 [INFO] IPUIPlugin:80 - create IPUIPlugin
2023-09-12 08:25:09,475 [INFO] PluginManager:220 - loadIPPluginJar : add opamp
2023-09-12 08:25:09,477 [INFO] IPUIPlugin:80 - create IPUIPlugin
2023-09-12 08:25:09,477 [INFO] PluginManager:220 - loadIPPluginJar : add openamp
2023-09-12 08:25:09,480 [INFO] IPUIPlugin:80 - create IPUIPlugin
2023-09-12 08:25:09,480 [INFO] PluginManager:220 - loadIPPluginJar : add pdm2pcm
2023-09-12 08:25:09,485 [INFO] IPUIPlugin:80 - create IPUIPlugin
2023-09-12 08:25:09,487 [INFO] PluginManager:220 - loadIPPluginJar : add plateformsettings
2023-09-12 08:25:09,489 [INFO] IPUIPlugin:80 - create IPUIPlugin
2023-09-12 08:25:09,489 [INFO] PluginManager:220 - loadIPPluginJar : add quadspi
2023-09-12 08:25:09,491 [INFO] IPUIPlugin:80 - create IPUIPlugin
2023-09-12 08:25:09,492 [INFO] PluginManager:220 - loadIPPluginJar : add resmgrutility
2023-09-12 08:25:09,494 [INFO] IPUIPlugin:80 - create IPUIPlugin
2023-09-12 08:25:09,494 [INFO] PluginManager:220 - loadIPPluginJar : add sai
2023-09-12 08:25:09,495 [INFO] IPUIPlugin:80 - create IPUIPlugin
2023-09-12 08:25:09,496 [INFO] PluginManager:220 - loadIPPluginJar : add spi
2023-09-12 08:25:09,499 [INFO] IPUIPlugin:80 - create IPUIPlugin
2023-09-12 08:25:09,499 [INFO] PluginManager:220 - loadIPPluginJar : add stm32_wpan
2023-09-12 08:25:09,501 [INFO] IPUIPlugin:80 - create IPUIPlugin
2023-09-12 08:25:09,501 [INFO] PluginManager:220 - loadIPPluginJar : add tim
2023-09-12 08:25:09,503 [INFO] IPUIPlugin:80 - create IPUIPlugin
2023-09-12 08:25:09,503 [INFO] PluginManager:220 - loadIPPluginJar : add touchsensing
2023-09-12 08:25:09,505 [INFO] IPUIPlugin:80 - create IPUIPlugin
2023-09-12 08:25:09,505 [INFO] PluginManager:220 - loadIPPluginJar : add tracer_emb
2023-09-12 08:25:09,506 [INFO] IPUIPlugin:80 - create IPUIPlugin
2023-09-12 08:25:09,507 [INFO] PluginManager:220 - loadIPPluginJar : add ts
2023-09-12 08:25:09,508 [INFO] IPUIPlugin:80 - create IPUIPlugin
2023-09-12 08:25:09,508 [INFO] PluginManager:220 - loadIPPluginJar : add tsc
2023-09-12 08:25:09,509 [INFO] IPUIPlugin:80 - create IPUIPlugin
2023-09-12 08:25:09,509 [INFO] PluginManager:220 - loadIPPluginJar : add ucpd
2023-09-12 08:25:09,511 [INFO] IPUIPlugin:80 - create IPUIPlugin
2023-09-12 08:25:09,511 [INFO] PluginManager:220 - loadIPPluginJar : add usart
2023-09-12 08:25:09,513 [INFO] IPUIPlugin:80 - create IPUIPlugin
2023-09-12 08:25:09,513 [INFO] PluginManager:220 - loadIPPluginJar : add usbx
2023-09-12 08:25:09,631 [INFO] CADModel:165 - CPN selected for project level
2023-09-12 08:25:09,631 [INFO] CADModel:114 - Register for checkConnection events
2023-09-12 08:25:09,632 [FATAL] Updater:308 - Updater called before beeing initialized
2023-09-12 08:25:09,632 [ERROR] CADModel:125 - Updater not yet initialized, retry later 
2023-09-12 08:25:09,741 [INFO] CADModel:165 - CPN selected for project level
2023-09-12 08:25:09,742 [INFO] CADModel:114 - Register for checkConnection events
2023-09-12 08:25:09,742 [FATAL] Updater:308 - Updater called before beeing initialized
2023-09-12 08:25:09,742 [ERROR] CADModel:125 - Updater not yet initialized, retry later 
2023-09-12 08:25:09,744 [FATAL] Updater:308 - Updater called before beeing initialized
2023-09-12 08:25:09,830 [FATAL] Updater:308 - Updater called before beeing initialized
2023-09-12 08:25:09,834 [INFO] DbMcusAds:53 - JSON generation date=Thu Sep 30 01:55:09 CDT 2021 (1632984909247)
2023-09-12 08:25:09,835 [FATAL] Updater:308 - Updater called before beeing initialized
2023-09-12 08:25:09,860 [WARN] DetailPanel:346 - Failed to get advertising image, set to default
2023-09-12 08:25:09,924 [FATAL] Updater:308 - Updater called before beeing initialized
2023-09-12 08:25:09,926 [FATAL] Updater:308 - Updater called before beeing initialized
2023-09-12 08:25:09,926 [FATAL] Updater:308 - Updater called before beeing initialized
2023-09-12 08:25:09,926 [WARN] DetailPanel:346 - Failed to get advertising image, set to default
2023-09-12 08:25:09,927 [FATAL] Updater:308 - Updater called before beeing initialized
2023-09-12 08:25:09,958 [ERROR] Updater:1120 - MainUpdater not yet initialized. External WinMGr cannot be set.
2023-09-12 08:25:09,959 [INFO] Updater:1056 - Updater Version found : 6.8.0
2023-09-12 08:25:09,972 [INFO] ApplicationProperties:184 - Using Application install path: C:\ST\STM32CubeIDE_1.12.0\STM32CubeIDE\plugins\com.st.stm32cube.common.mx_6.8.0.202302231600
2023-09-12 08:25:10,255 [INFO] MainUpdater:2854 - connection check result : 10
2023-09-12 08:25:10,255 [INFO] MainUpdater:3548 - Updater definition file requires update
2023-09-12 08:25:10,256 [INFO] MainUpdater:283 - Updater Check For Update Now.
2023-09-12 08:25:10,256 [INFO] MicroXplorer:498 - Change Database Version : DB.6.0.80
2023-09-12 08:25:10,280 [INFO] ServerAccessManage:473 - Download File updaters.zip
2023-09-12 08:25:10,319 [INFO] FileExtend:240 - Unzip File : updaters.zip
2023-09-12 08:25:10,319 [INFO] FileExtend:255 - Standard Zip Deflate
2023-09-12 08:25:10,577 [INFO] ServerAccessManage:473 - Download File PacksControlFlags.xml
2023-09-12 08:25:10,601 [INFO] ServerAccessManage:473 - Download File cubemx.pidx
2023-09-12 08:25:10,753 [INFO] ServerAccessManage:473 - Download File STMicroelectronics.FP-SNS-SMARTAG2.pdsc
2023-09-12 08:25:10,916 [INFO] ServerAccessManage:473 - Download File STMicroelectronics.X-CUBE-NFC6.pdsc
2023-09-12 08:25:11,483 [ERROR] ServerAccessManage:1096 - Problem, Http access forbiden
2023-09-12 08:25:11,484 [ERROR] ServerAccessManage:651 - Problem, Http access forbiden : RoweBots.I-CUBE-UNISONRTOS.pdsc.
2023-09-12 08:25:11,552 [WARN] PackLoader:240 - Cannot read IP mode file for STMicroelectronics.FP-SNS-SMARTAG2.1.2.0
2023-09-12 08:25:11,560 [WARN] PackLoader:240 - Cannot read IP mode file for STMicroelectronics.X-CUBE-NFC6.3.0.0
2023-09-12 08:25:11,566 [INFO] PopulateThirdPartyThread:66 - Ending populate Thread
2023-09-12 08:25:11,569 [INFO] ThirdParty:1030 - CMSIS Pack Vendor :STMicroelectronics FP-SNS-SMARTAG2 1.2.0
2023-09-12 08:25:11,569 [INFO] ThirdParty:1030 - CMSIS Pack Vendor :STMicroelectronics X-CUBE-NFC6 3.0.0
2023-09-12 08:25:11,569 [INFO] LoadServerUpdatesThread:373 - End of LoadServerUpdate Thread
2023-09-12 08:25:11,648 [INFO] CheckServerUpdateThread:120 - End of CheckServer Thread
2023-09-12 08:25:11,708 [INFO] MainUpdater:2854 - connection check result : 10
2023-09-12 08:25:11,714 [INFO] McuFinderGlobals:66 - Set McuFinderConnectedMode to true
2023-09-12 08:25:11,976 [INFO] ServerAccessManage:473 - Download File mcusAds.json._tmp_
2023-09-12 08:25:11,987 [WARN] MainUpdater:1187 - Updater busy. Cannot search thirdparties
2023-09-12 08:25:11,988 [INFO] ThirdPartyUpdaterWithRetryManager:96 - Updater plugin is busy. [1/15]
2023-09-12 08:25:12,097 [INFO] LoadUrlFilesThread:156 - End of LoadUrlFiles Thread
2023-09-12 08:25:12,240 [INFO] ServerAccessManage:473 - Download File cube-finder-db.zip
2023-09-12 08:25:12,675 [INFO] FileExtend:240 - Unzip File : cube-finder-db.zip
2023-09-12 08:25:12,676 [INFO] FileExtend:255 - Standard Zip Deflate
2023-09-12 08:25:13,146 [INFO] LoadUrlFilesThread:156 - End of LoadUrlFiles Thread
2023-09-12 08:25:13,901 [INFO] ServerAccessManage:473 - Download File crdb.zip
2023-09-12 08:25:14,705 [INFO] FileExtend:240 - Unzip File : crdb.zip
2023-09-12 08:25:14,705 [INFO] FileExtend:255 - Standard Zip Deflate
2023-09-12 08:25:14,845 [INFO] LoadUrlFilesThread:156 - End of LoadUrlFiles Thread
2023-09-12 08:25:14,991 [WARN] MainUpdater:1187 - Updater busy. Cannot search thirdparties
2023-09-12 08:25:14,991 [INFO] ThirdPartyUpdaterWithRetryManager:96 - Updater plugin is busy. [2/15]
2023-09-12 08:25:15,904 [INFO] ServerAccessManage:473 - Download File tutoVideoDB.zip
2023-09-12 08:25:15,907 [INFO] FileExtend:240 - Unzip File : tutoVideoDB.zip
2023-09-12 08:25:15,908 [INFO] FileExtend:255 - Standard Zip Deflate
2023-09-12 08:25:16,042 [INFO] LoadUrlFilesThread:156 - End of LoadUrlFiles Thread
2023-09-12 08:25:16,047 [WARN] DbFile:41 - Overriding database path with different value: C:\Users\Chienpeng.h.ARBIN\.stmcufinder\plugins\mcufinder/ => C:\Users\Chienpeng.h.ARBIN\.stmcufinder\plugins\mcufinder
2023-09-12 08:25:16,628 [INFO] ServerAccessManage:473 - Download File api_config.json
2023-09-12 08:25:16,746 [INFO] LoadUrlFilesThread:156 - End of LoadUrlFiles Thread
2023-09-12 08:25:16,747 [INFO] DbMcusAds:53 - JSON generation date=Tue Mar 07 02:50:55 CST 2023 (1678179055114)
2023-09-12 08:25:16,806 [INFO] ServerAccessManage:473 - Download File 
2023-09-12 08:25:16,813 [INFO] LoadUrlFilesThread:185 - End of LoadServerUrlFiles without Thread
2023-09-12 08:25:16,813 [INFO] TargetSelectorAdapter:259 - Refresh data is successful
2023-09-12 08:25:16,877 [INFO] ApiDb:581 - Connected to CubeFinder SQLite database (C:\Users\Chienpeng.h.ARBIN\.stmcufinder\plugins\mcufinder\mcu\cube-finder-db.db)
2023-09-12 08:25:16,908 [INFO] ApiDb:668 - CubeFinder database Data Model version=2.1
2023-09-12 08:25:16,908 [INFO] ApiDb:669 - CubeFinder database Configuration version=3.0.37
2023-09-12 08:25:16,908 [INFO] ApiDb:670 - CubeFinder database generation date=2023-08-09 (1691586011)
2023-09-12 08:25:16,908 [INFO] ApiDb:671 - CubeFinder database FW Pack versions=[FP-ATR-ASTRA1_V2.0.0, FP-SNS-FLIGHT1_V5.0.1, FP-SNS-FLIGHT1_V5.0.2, FP-SNS-MOTENV1_V4.3.1, FP-SNS-MOTENV1_V4.3.2, STM32Cube_FW_C0_V1.1.0, STM32Cube_FW_F4_V1.27.1, STM32Cube_FW_F7_V1.17.0, STM32Cube_FW_G0_V1.6.1, STM32Cube_FW_G4_V1.5.1, STM32Cube_FW_H5_V0.5.1, STM32Cube_FW_H5_V1.1.0, STM32Cube_FW_H7_V1.11.0, STM32Cube_FW_L0_V1.12.2, STM32Cube_FW_L5_V1.5.0, STM32Cube_FW_U5_V1.3.0, STM32Cube_FW_U5_V1.3.0RC4, STM32Cube_FW_WBA_V1.0.0RC1, STM32Cube_FW_WBA_V1.1.0, STM32Cube_FW_WBA_V1.1.0RC1, STM32Cube_FW_WB_V1.15.0RC1, STM32Cube_FW_WB_V1.16.0, STM32Cube_FW_WB_V1.16.0RC2, STM32Cube_FW_WB_V1.17.0, STM32Cube_FW_WL_V1.3.0, X-CUBE-ALGOBUILD_V1.3.0, X-CUBE-ALS_V1.0.1, X-CUBE-AZRTOS-F4_V1.1.0, X-CUBE-AZRTOS-F7_V1.1.0, X-CUBE-AZRTOS-G0_V1.1.0, X-CUBE-AZRTOS-G4_V2.0.0, X-CUBE-AZRTOS-H7_V3.1.0, X-CUBE-AZRTOS-L4_V1.0.0, X-CUBE-AZRTOS-L4_V2.0.0, X-CUBE-AZRTOS-L5_V1.1.0, X-CUBE-AZRTOS-WB_V1.1.0, X-CUBE-AZRTOS-WL_V2.0.0, X-CUBE-BLE1_V7.0.0, X-CUBE-BLE2_V3.3.0, X-CUBE-BLEMGR_V2.0.0, X-CUBE-EEPRMA1_V4.1.0, X-CUBE-FREERTOS_V1.1.0, X-CUBE-GNSS1_V6.0.0, X-CUBE-MEMS1_V9.1.0, X-CUBE-MEMS1_V9.4.0, X-CUBE-MEMS1_V9.6.0, X-CUBE-NFC4_V3.0.0, X-CUBE-NFC7_V1.0.0, X-CUBE-SFXS2LP1_V4.0.0, X-CUBE-SUBG2_V5.0.0, X-CUBE-TOF1_V3.3.1]
2023-09-12 08:25:17,896 [INFO] ApiDb:240 - Found 297 in-development CPN: [B-G473E-ZEST1S, B-WB1M-WPAN1, B-WL5M-SUBG1, NUCLEO-C031C6, NUCLEO-H503RB, NUCLEO-H563ZI, NUCLEO-U545RE-Q, NUCLEO-U5A5ZJ-Q, NUCLEO-WBA52CG, STEVAL-PROTEUS1, STEVAL-STWINBX1, STM320518-EVAL, STM32C0116-DK, STM32C011D6Y3TR, STM32C011D6Y6TR, STM32C011F4P3, STM32C011F4P6, STM32C011F4U3, STM32C011F4U6TR, STM32C011F6P3, STM32C011F6P6, STM32C011F6U3, STM32C011F6U6TR, STM32C011J4M3, STM32C011J4M6, STM32C011J6M3, STM32C011J6M6, STM32C0316-DK, STM32C031C4T3, STM32C031C4T6, STM32C031C4U3, STM32C031C4U6, STM32C031C6T3, STM32C031C6T6, STM32C031C6U3, STM32C031C6U6, STM32C031F4P3, STM32C031F4P6, STM32C031F6P3, STM32C031F6P6, STM32C031G4U3, STM32C031G4U6, STM32C031G6U3, STM32C031G6U6, STM32C031K4T3, STM32C031K4T6, STM32C031K4U3, STM32C031K4U6, STM32C031K6T3, STM32C031K6T6, STM32C031K6U3, STM32C031K6U6, STM32G071K8TXN, STM32G071K8UXN, STM32G081GBU6N, STM32G081KBT6N, STM32G081KBUXN, STM32G0B1CCT6N, STM32G0B1KCT6, STM32G0B1NEY6TR, STM32G0B1RCT6N, STM32G0C1CCT6, STM32G0C1CCT6N, STM32G0C1CCU6N, STM32G0C1CET6N, STM32G0C1CEU6N, STM32G0C1KCT6, STM32G0C1NEY6TR, STM32G0C1RCI6N, STM32G0C1RCT6N, STM32G0C1REI6N, STM32G0C1RET6N, STM32G0C1VCI6, STM32G0C1VEI6, STM32G471CCT6, STM32G471CCU6, STM32G471CET3, STM32G471CET6, STM32G471CEU3, STM32G471CEU6, STM32G471MCT6, STM32G471MET3, STM32G471MET6, STM32G471MEY6TR, STM32G471QCT6, STM32G471QET3, STM32G471RCT6, STM32G471RET3, STM32G471RET6, STM32G471VCH6, STM32G471VCI6, STM32G471VCT6, STM32G471VEH3, STM32G471VEH6, STM32G471VEI3, STM32G471VEI6, STM32G471VET3, STM32G471VET6, STM32G474CCT6, STM32H503CBT6, STM32H503CBU6, STM32H503EBY6TR, STM32H503KBU6, STM32H503RBT6, STM32H562AGI6, STM32H562AII6, STM32H562IGK6, STM32H562IGT6, STM32H562IIK6, STM32H562IIT6, STM32H562RGT6, STM32H562RGV6, STM32H562RIT6, STM32H562RIV6, STM32H562VGT6, STM32H562VIT6, STM32H562ZGT6, STM32H562ZIT6, STM32H563AGI6, STM32H563AII3Q, STM32H563AII6, STM32H563IGK6, STM32H563IGT6, STM32H563IIK3Q, STM32H563IIK6, STM32H563IIT3Q, STM32H563IIT6, STM32H563MIY3QTR, STM32H563RGT6, STM32H563RGV6, STM32H563RIT6, STM32H563RIV6, STM32H563VGT6, STM32H563VIT3Q, STM32H563VIT6, STM32H563ZGT6, STM32H563ZIT3Q, STM32H563ZIT6, STM32H573AII3Q, STM32H573AII6, STM32H573I-DK, STM32H573IIK3Q, STM32H573IIK6, STM32H573IIT3Q, STM32H573IIT6, STM32H573MIY3QTR, STM32H573RIT6, STM32H573RIV6, STM32H573VIT3Q, STM32H573VIT6, STM32H573ZIT3Q, STM32H573ZIT6, STM32L4R5QGI6STR, STM32MP131AAE3, STM32MP131AAF3, STM32MP131AAG3, STM32MP131CAE3, STM32MP131CAF3, STM32MP131CAG3, STM32MP131DAE7, STM32MP131DAF7, STM32MP131DAG7, STM32MP131FAE7, STM32MP131FAF7, STM32MP131FAG7, STM32MP133AAE3, STM32MP133AAF3, STM32MP133AAG3, STM32MP133CAE3, STM32MP133CAF3, STM32MP133CAG3, STM32MP133DAE7, STM32MP133DAF7, STM32MP133DAG7, STM32MP133FAE7, STM32MP133FAF7, STM32MP133FAG7, STM32MP135AAE3, STM32MP135AAF3, STM32MP135AAG3, STM32MP135CAE3, STM32MP135CAF3, STM32MP135CAG3, STM32MP135DAE7, STM32MP135DAF7, STM32MP135DAG7, STM32MP135F-DK, STM32MP135FAE7, STM32MP135FAF7, STM32MP135FAF7T, STM32MP135FAF7U, STM32MP135FAG7, STM32U535CBT6, STM32U535CBT6Q, STM32U535CBU6, STM32U535CBU6Q, STM32U535CCT6, STM32U535CCT6Q, STM32U535CCU6, STM32U535CCU6Q, STM32U535CET6, STM32U535CET6Q, STM32U535CEU6, STM32U535CEU6Q, STM32U535JEY6QTR, STM32U535NCY6QTR, STM32U535NEY6QTR, STM32U535RBI6, STM32U535RBI6Q, STM32U535RBT6, STM32U535RBT6Q, STM32U535RCI6, STM32U535RCI6Q, STM32U535RCT6, STM32U535RCT6Q, STM32U535REI6, STM32U535REI6Q, STM32U535RET6, STM32U535RET6Q, STM32U535VCI6, STM32U535VCI6Q, STM32U535VCT6, STM32U535VCT6Q, STM32U535VEI6, STM32U535VEI6Q, STM32U535VET6, STM32U535VET6Q, STM32U545CET6, STM32U545CET6Q, STM32U545CEU6, STM32U545CEU6Q, STM32U545JEY6QTR, STM32U545NEY6QTR, STM32U545REI6, STM32U545REI6Q, STM32U545RET6, STM32U545RET6Q, STM32U545VEI6, STM32U545VEI6Q, STM32U545VET6, STM32U545VET6Q, STM32U595AIH6, STM32U595AIH6Q, STM32U595AJH6, STM32U595AJH6Q, STM32U595QII6, STM32U595QII6Q, STM32U595QJI6, STM32U595QJI6Q, STM32U595RIT6, STM32U595RIT6Q, STM32U595RJT6, STM32U595RJT6Q, STM32U595VIT6, STM32U595VIT6Q, STM32U595VJT6, STM32U595VJT6Q, STM32U595ZIT6, STM32U595ZIT6Q, STM32U595ZIY6QTR, STM32U595ZJT6, STM32U595ZJT6Q, STM32U595ZJY6QTR, STM32U599BJY6QTR, STM32U599NIH6Q, STM32U599NJH6Q, STM32U599VIT6Q, STM32U599VJT6, STM32U599VJT6Q, STM32U599ZIT6Q, STM32U599ZIY6QTR, STM32U599ZJT6Q, STM32U599ZJY6QTR, STM32U5A5AJH6, STM32U5A5AJH6Q, STM32U5A5QJI6, STM32U5A5QJI6Q, STM32U5A5RJT6, STM32U5A5RJT6Q, STM32U5A5VJT6, STM32U5A5VJT6Q, STM32U5A5ZJT6, STM32U5A5ZJT6Q, STM32U5A5ZJY6QTR, STM32U5A9BJY6QTR, STM32U5A9J-DK, STM32U5A9NJH6Q, STM32U5A9VJT6Q, STM32U5A9ZJT6Q, STM32U5A9ZJY6QTR, STM32WB1MMCH6, STM32WBA52CEU6, STM32WBA52CEU6T, STM32WBA52CGU6, STM32WBA52CGU6T, STM32WL5MOCH6, STM32WL5MOCH6TR]
2023-09-12 08:25:17,898 [INFO] DbMcus:216 - Found 3825 MCUs, 3825 are supported
2023-09-12 08:25:17,900 [INFO] ApiDb:423 - Load user favorites file C:\Users\Chienpeng.h.ARBIN/.stm32cubeide/favorites.mcus.txt: 0 item(s)
2023-09-12 08:25:17,900 [INFO] ApiDb:427 - User favorites MCUs=[]
2023-09-12 08:25:17,900 [INFO] DbMcus:222 - Set 0 / 0 favorites MCUs
2023-09-12 08:25:18,026 [INFO] ApiDb:668 - CubeFinder database Data Model version=2.1
2023-09-12 08:25:18,026 [INFO] ApiDb:669 - CubeFinder database Configuration version=3.0.37
2023-09-12 08:25:18,027 [INFO] ApiDb:670 - CubeFinder database generation date=2023-08-09 (1691586011)
2023-09-12 08:25:18,027 [INFO] ApiDb:671 - CubeFinder database FW Pack versions=[FP-ATR-ASTRA1_V2.0.0, FP-SNS-FLIGHT1_V5.0.1, FP-SNS-FLIGHT1_V5.0.2, FP-SNS-MOTENV1_V4.3.1, FP-SNS-MOTENV1_V4.3.2, STM32Cube_FW_C0_V1.1.0, STM32Cube_FW_F4_V1.27.1, STM32Cube_FW_F7_V1.17.0, STM32Cube_FW_G0_V1.6.1, STM32Cube_FW_G4_V1.5.1, STM32Cube_FW_H5_V0.5.1, STM32Cube_FW_H5_V1.1.0, STM32Cube_FW_H7_V1.11.0, STM32Cube_FW_L0_V1.12.2, STM32Cube_FW_L5_V1.5.0, STM32Cube_FW_U5_V1.3.0, STM32Cube_FW_U5_V1.3.0RC4, STM32Cube_FW_WBA_V1.0.0RC1, STM32Cube_FW_WBA_V1.1.0, STM32Cube_FW_WBA_V1.1.0RC1, STM32Cube_FW_WB_V1.15.0RC1, STM32Cube_FW_WB_V1.16.0, STM32Cube_FW_WB_V1.16.0RC2, STM32Cube_FW_WB_V1.17.0, STM32Cube_FW_WL_V1.3.0, X-CUBE-ALGOBUILD_V1.3.0, X-CUBE-ALS_V1.0.1, X-CUBE-AZRTOS-F4_V1.1.0, X-CUBE-AZRTOS-F7_V1.1.0, X-CUBE-AZRTOS-G0_V1.1.0, X-CUBE-AZRTOS-G4_V2.0.0, X-CUBE-AZRTOS-H7_V3.1.0, X-CUBE-AZRTOS-L4_V1.0.0, X-CUBE-AZRTOS-L4_V2.0.0, X-CUBE-AZRTOS-L5_V1.1.0, X-CUBE-AZRTOS-WB_V1.1.0, X-CUBE-AZRTOS-WL_V2.0.0, X-CUBE-BLE1_V7.0.0, X-CUBE-BLE2_V3.3.0, X-CUBE-BLEMGR_V2.0.0, X-CUBE-EEPRMA1_V4.1.0, X-CUBE-FREERTOS_V1.1.0, X-CUBE-GNSS1_V6.0.0, X-CUBE-MEMS1_V9.1.0, X-CUBE-MEMS1_V9.4.0, X-CUBE-MEMS1_V9.6.0, X-CUBE-NFC4_V3.0.0, X-CUBE-NFC7_V1.0.0, X-CUBE-SFXS2LP1_V4.0.0, X-CUBE-SUBG2_V5.0.0, X-CUBE-TOF1_V3.3.1]
2023-09-12 08:25:18,061 [INFO] DbBoardsSqlite:226 - include board P-NUCLEO-WB55-NUCLEO as a kit item of type 'Nucleo-64'
2023-09-12 08:25:18,061 [INFO] DbBoardsSqlite:226 - include board P-NUCLEO-WB55-USBDONGLE as a kit item of type 'Nucleo USB Dongle'
2023-09-12 08:25:18,061 [INFO] DbBoardsSqlite:226 - include board STEVAL-IDP005V1 as a kit item of type 'Evaluation Board'
2023-09-12 08:25:18,061 [INFO] DbBoardsSqlite:226 - include board STEVAL-IDP005V2 as a kit item of type 'Evaluation Board'
2023-09-12 08:25:18,087 [INFO] ApiDb:240 - Found 297 in-development CPN: [B-G473E-ZEST1S, B-WB1M-WPAN1, B-WL5M-SUBG1, NUCLEO-C031C6, NUCLEO-H503RB, NUCLEO-H563ZI, NUCLEO-U545RE-Q, NUCLEO-U5A5ZJ-Q, NUCLEO-WBA52CG, STEVAL-PROTEUS1, STEVAL-STWINBX1, STM320518-EVAL, STM32C0116-DK, STM32C011D6Y3TR, STM32C011D6Y6TR, STM32C011F4P3, STM32C011F4P6, STM32C011F4U3, STM32C011F4U6TR, STM32C011F6P3, STM32C011F6P6, STM32C011F6U3, STM32C011F6U6TR, STM32C011J4M3, STM32C011J4M6, STM32C011J6M3, STM32C011J6M6, STM32C0316-DK, STM32C031C4T3, STM32C031C4T6, STM32C031C4U3, STM32C031C4U6, STM32C031C6T3, STM32C031C6T6, STM32C031C6U3, STM32C031C6U6, STM32C031F4P3, STM32C031F4P6, STM32C031F6P3, STM32C031F6P6, STM32C031G4U3, STM32C031G4U6, STM32C031G6U3, STM32C031G6U6, STM32C031K4T3, STM32C031K4T6, STM32C031K4U3, STM32C031K4U6, STM32C031K6T3, STM32C031K6T6, STM32C031K6U3, STM32C031K6U6, STM32G071K8TXN, STM32G071K8UXN, STM32G081GBU6N, STM32G081KBT6N, STM32G081KBUXN, STM32G0B1CCT6N, STM32G0B1KCT6, STM32G0B1NEY6TR, STM32G0B1RCT6N, STM32G0C1CCT6, STM32G0C1CCT6N, STM32G0C1CCU6N, STM32G0C1CET6N, STM32G0C1CEU6N, STM32G0C1KCT6, STM32G0C1NEY6TR, STM32G0C1RCI6N, STM32G0C1RCT6N, STM32G0C1REI6N, STM32G0C1RET6N, STM32G0C1VCI6, STM32G0C1VEI6, STM32G471CCT6, STM32G471CCU6, STM32G471CET3, STM32G471CET6, STM32G471CEU3, STM32G471CEU6, STM32G471MCT6, STM32G471MET3, STM32G471MET6, STM32G471MEY6TR, STM32G471QCT6, STM32G471QET3, STM32G471RCT6, STM32G471RET3, STM32G471RET6, STM32G471VCH6, STM32G471VCI6, STM32G471VCT6, STM32G471VEH3, STM32G471VEH6, STM32G471VEI3, STM32G471VEI6, STM32G471VET3, STM32G471VET6, STM32G474CCT6, STM32H503CBT6, STM32H503CBU6, STM32H503EBY6TR, STM32H503KBU6, STM32H503RBT6, STM32H562AGI6, STM32H562AII6, STM32H562IGK6, STM32H562IGT6, STM32H562IIK6, STM32H562IIT6, STM32H562RGT6, STM32H562RGV6, STM32H562RIT6, STM32H562RIV6, STM32H562VGT6, STM32H562VIT6, STM32H562ZGT6, STM32H562ZIT6, STM32H563AGI6, STM32H563AII3Q, STM32H563AII6, STM32H563IGK6, STM32H563IGT6, STM32H563IIK3Q, STM32H563IIK6, STM32H563IIT3Q, STM32H563IIT6, STM32H563MIY3QTR, STM32H563RGT6, STM32H563RGV6, STM32H563RIT6, STM32H563RIV6, STM32H563VGT6, STM32H563VIT3Q, STM32H563VIT6, STM32H563ZGT6, STM32H563ZIT3Q, STM32H563ZIT6, STM32H573AII3Q, STM32H573AII6, STM32H573I-DK, STM32H573IIK3Q, STM32H573IIK6, STM32H573IIT3Q, STM32H573IIT6, STM32H573MIY3QTR, STM32H573RIT6, STM32H573RIV6, STM32H573VIT3Q, STM32H573VIT6, STM32H573ZIT3Q, STM32H573ZIT6, STM32L4R5QGI6STR, STM32MP131AAE3, STM32MP131AAF3, STM32MP131AAG3, STM32MP131CAE3, STM32MP131CAF3, STM32MP131CAG3, STM32MP131DAE7, STM32MP131DAF7, STM32MP131DAG7, STM32MP131FAE7, STM32MP131FAF7, STM32MP131FAG7, STM32MP133AAE3, STM32MP133AAF3, STM32MP133AAG3, STM32MP133CAE3, STM32MP133CAF3, STM32MP133CAG3, STM32MP133DAE7, STM32MP133DAF7, STM32MP133DAG7, STM32MP133FAE7, STM32MP133FAF7, STM32MP133FAG7, STM32MP135AAE3, STM32MP135AAF3, STM32MP135AAG3, STM32MP135CAE3, STM32MP135CAF3, STM32MP135CAG3, STM32MP135DAE7, STM32MP135DAF7, STM32MP135DAG7, STM32MP135F-DK, STM32MP135FAE7, STM32MP135FAF7, STM32MP135FAF7T, STM32MP135FAF7U, STM32MP135FAG7, STM32U535CBT6, STM32U535CBT6Q, STM32U535CBU6, STM32U535CBU6Q, STM32U535CCT6, STM32U535CCT6Q, STM32U535CCU6, STM32U535CCU6Q, STM32U535CET6, STM32U535CET6Q, STM32U535CEU6, STM32U535CEU6Q, STM32U535JEY6QTR, STM32U535NCY6QTR, STM32U535NEY6QTR, STM32U535RBI6, STM32U535RBI6Q, STM32U535RBT6, STM32U535RBT6Q, STM32U535RCI6, STM32U535RCI6Q, STM32U535RCT6, STM32U535RCT6Q, STM32U535REI6, STM32U535REI6Q, STM32U535RET6, STM32U535RET6Q, STM32U535VCI6, STM32U535VCI6Q, STM32U535VCT6, STM32U535VCT6Q, STM32U535VEI6, STM32U535VEI6Q, STM32U535VET6, STM32U535VET6Q, STM32U545CET6, STM32U545CET6Q, STM32U545CEU6, STM32U545CEU6Q, STM32U545JEY6QTR, STM32U545NEY6QTR, STM32U545REI6, STM32U545REI6Q, STM32U545RET6, STM32U545RET6Q, STM32U545VEI6, STM32U545VEI6Q, STM32U545VET6, STM32U545VET6Q, STM32U595AIH6, STM32U595AIH6Q, STM32U595AJH6, STM32U595AJH6Q, STM32U595QII6, STM32U595QII6Q, STM32U595QJI6, STM32U595QJI6Q, STM32U595RIT6, STM32U595RIT6Q, STM32U595RJT6, STM32U595RJT6Q, STM32U595VIT6, STM32U595VIT6Q, STM32U595VJT6, STM32U595VJT6Q, STM32U595ZIT6, STM32U595ZIT6Q, STM32U595ZIY6QTR, STM32U595ZJT6, STM32U595ZJT6Q, STM32U595ZJY6QTR, STM32U599BJY6QTR, STM32U599NIH6Q, STM32U599NJH6Q, STM32U599VIT6Q, STM32U599VJT6, STM32U599VJT6Q, STM32U599ZIT6Q, STM32U599ZIY6QTR, STM32U599ZJT6Q, STM32U599ZJY6QTR, STM32U5A5AJH6, STM32U5A5AJH6Q, STM32U5A5QJI6, STM32U5A5QJI6Q, STM32U5A5RJT6, STM32U5A5RJT6Q, STM32U5A5VJT6, STM32U5A5VJT6Q, STM32U5A5ZJT6, STM32U5A5ZJT6Q, STM32U5A5ZJY6QTR, STM32U5A9BJY6QTR, STM32U5A9J-DK, STM32U5A9NJH6Q, STM32U5A9VJT6Q, STM32U5A9ZJT6Q, STM32U5A9ZJY6QTR, STM32WB1MMCH6, STM32WBA52CEU6, STM32WBA52CEU6T, STM32WBA52CGU6, STM32WBA52CGU6T, STM32WL5MOCH6, STM32WL5MOCH6TR]
2023-09-12 08:25:18,092 [WARN] PackLoader:240 - Cannot read IP mode file for STMicroelectronics.X-CUBE-SMBUS.2.1.0
2023-09-12 08:25:18,104 [WARN] PackLoader:240 - Cannot read IP mode file for STMicroelectronics.X-CUBE-AZRTOS-F7.1.1.0
2023-09-12 08:25:18,109 [WARN] PackLoader:240 - Cannot read IP mode file for STMicroelectronics.FP-SNS-MOTENV1.4.3.2
2023-09-12 08:25:18,113 [WARN] PackLoader:240 - Cannot read IP mode file for STMicroelectronics.FP-SNS-FLIGHT1.5.0.2
2023-09-12 08:25:18,119 [WARN] PackLoader:240 - Cannot read IP mode file for STMicroelectronics.X-CUBE-DISPLAY.3.0.0
2023-09-12 08:25:18,124 [WARN] PackLoader:240 - Cannot read IP mode file for STMicroelectronics.X-CUBE-BLE1.7.0.0
2023-09-12 08:25:18,128 [WARN] PackLoader:240 - Cannot read IP mode file for emotas.I-CUBE-CANOPEN.1.3.0
2023-09-12 08:25:18,131 [WARN] PackLoader:240 - Cannot read IP mode file for STMicroelectronics.X-CUBE-TOUCHGFX.4.22.0
2023-09-12 08:25:18,134 [WARN] PackLoader:240 - Cannot read IP mode file for STMicroelectronics.FP-SNS-SMARTAG2.1.2.0
