2023-09-13 14:10:40,672 [INFO] MainUpdater:2854 - connection check result : 10
2023-09-13 14:10:40,740 [INFO] McuFinderGlobals:66 - Set McuFinderConnectedMode to true
2023-09-13 14:10:40,741 [INFO] MultiScanPanel:200 - Auto-refresh data requested => check proxy status ongoing
2023-09-13 14:10:40,741 [INFO] FinderPluginLoader:95 - Searching for filters in installed packs
2023-09-13 14:10:41,055 [INFO] LoadUrlFilesThread:185 - End of LoadServerUrlFiles without Thread
2023-09-13 14:10:41,056 [INFO] DetailPanel:341 - Set advertising image to C:/Users/Chienpeng.h.ARBIN/STM32Cube/Repository/\en.prom-stm32h5-mcu-finder.jpg
2023-09-13 14:10:43,343 [INFO] MultiScanPanel:200 - Auto-refresh data requested => check proxy status ongoing
2023-09-13 14:10:43,382 [INFO] LoadUrlFilesThread:185 - End of LoadServerUrlFiles without Thread
2023-09-13 14:10:43,382 [INFO] DetailPanel:341 - Set advertising image to C:/Users/Chienpeng.h.ARBIN/STM32Cube/Repository/\en.prom-stm32h5-mcu-finder.jpg
2023-09-13 14:11:07,960 [INFO] MainUpdater:2854 - connection check result : 10
2023-09-13 14:11:07,960 [INFO] MainUpdater:2854 - connection check result : 10
2023-09-13 14:11:07,968 [INFO] MicroXplorer:468 - Change Database Path : 
2023-09-13 14:11:07,968 [INFO] MicroXplorer:498 - Change Database Version : DB.6.0.80
2023-09-13 14:11:07,975 [WARN] ThirdParty:871 - waiting for thirdparty lock release [close project]
2023-09-13 14:11:07,975 [INFO] ThirdParty:873 - entering critical section [close project]
2023-09-13 14:11:07,975 [INFO] ThirdParty:883 - exiting critical section [close project]
2023-09-13 14:11:07,976 [INFO] PinOutPanel:1499 - setPackage(No Configuration,No Configuration)
2023-09-13 14:11:07,979 [WARN] IpParametersView:150 - Warning: This peripheral hasn't parameters
2023-09-13 14:11:07,981 [WARN] MainPanel:257 - <html><b><center>Warning: This peripheral has no parameters to be configured<br></b></html>
2023-09-13 14:11:07,983 [INFO] UtilMem:75 - Begin LoadConfig() Used Memory: 662978672 Bytes (1073741824)
2023-09-13 14:11:07,983 [INFO] OpenFileManager:308 - Change cursor
2023-09-13 14:11:07,993 [INFO] ProjectFactory:402 - No CPN specified for board STM32F407G-DISC1 => set CPN to STM32F407VGT6
2023-09-13 14:11:07,993 [INFO] Mcu:1937 - Initializing MCU STM32F407V(E-G)Tx STM32F407VGTx STM32F407VGT6
2023-09-13 14:11:08,603 [INFO] Context:659 - Trying to add GPIOservice into a context  which must be forbidden
2023-09-13 14:11:08,688 [INFO] Rule:228 - rule 117617 - U5Cobra4M][GTZC] default value MPCBB3 and MPCBB5 - Not Secured memory - MPCBB1 is applicable
2023-09-13 14:11:08,688 [INFO] Rule:228 - rule 117617 - U5Cobra4M][GTZC] default value MPCBB3 and MPCBB5 - Not Secured memory - MPCBB1 is applicable
2023-09-13 14:11:08,688 [INFO] Rule:228 - rule 117617 - U5Cobra4M][GTZC] default value MPCBB3 and MPCBB5 - Not Secured memory - MPCBB2 is applicable
2023-09-13 14:11:08,688 [INFO] Rule:228 - rule 117617 - U5Cobra4M][GTZC] default value MPCBB3 and MPCBB5 - Not Secured memory - MPCBB2 is applicable
2023-09-13 14:11:08,688 [INFO] Rule:228 - rule 117617 - U5Cobra4M][GTZC] default value MPCBB3 and MPCBB5 - Not Secured memory - MPCBB3 is applicable
2023-09-13 14:11:08,688 [INFO] Rule:228 - rule 117617 - U5Cobra4M][GTZC] default value MPCBB3 and MPCBB5 - Not Secured memory - MPCBB3 is applicable
2023-09-13 14:11:08,688 [INFO] Rule:228 - rule 117617 - U5Cobra4M][GTZC] default value MPCBB3 and MPCBB5 - Not Secured memory - MPCBB4 is applicable
2023-09-13 14:11:08,688 [INFO] Rule:228 - rule 117617 - U5Cobra4M][GTZC] default value MPCBB3 and MPCBB5 - Not Secured memory - MPCBB4 is applicable
2023-09-13 14:11:08,688 [INFO] Rule:228 - rule 117617 - U5Cobra4M][GTZC] default value MPCBB3 and MPCBB5 - Secured memory - MPCBB1 is applicable
2023-09-13 14:11:08,688 [INFO] Rule:228 - rule 117617 - U5Cobra4M][GTZC] default value MPCBB3 and MPCBB5 - Secured memory - MPCBB2 is applicable
2023-09-13 14:11:08,688 [INFO] Rule:228 - rule 117617 - U5Cobra4M][GTZC] default value MPCBB3 and MPCBB5 - Secured memory - MPCBB3 is applicable
2023-09-13 14:11:08,688 [INFO] Rule:228 - rule 117617 - U5Cobra4M][GTZC] default value MPCBB3 and MPCBB5 - Secured memory - MPCBB4 is applicable
2023-09-13 14:11:08,688 [INFO] Rule:228 - rule 117617 - U5Cobra4M][GTZC] default value MPCBB3 and MPCBB5 - Privileged memory - MPCBB1 is applicable
2023-09-13 14:11:08,688 [INFO] Rule:228 - rule 117617 - U5Cobra4M][GTZC] default value MPCBB3 and MPCBB5 - Privileged memory - MPCBB2 is applicable
2023-09-13 14:11:08,688 [INFO] Rule:228 - rule 117617 - U5Cobra4M][GTZC] default value MPCBB3 and MPCBB5 - Privileged memory - MPCBB3 is applicable
2023-09-13 14:11:08,688 [INFO] Rule:228 - rule 117617 - U5Cobra4M][GTZC] default value MPCBB3 and MPCBB5 - Privileged memory - MPCBB4 is applicable
2023-09-13 14:11:08,688 [INFO] Rule:228 - rule 117617 - U5Cobra4M][GTZC] default value MPCBB3 and MPCBB5 - Not Privileged memory - MPCBB1 is applicable
2023-09-13 14:11:08,688 [INFO] Rule:228 - rule 117617 - U5Cobra4M][GTZC] default value MPCBB3 and MPCBB5 - Not Privileged memory - MPCBB2 is applicable
2023-09-13 14:11:08,688 [INFO] Rule:228 - rule 117617 - U5Cobra4M][GTZC] default value MPCBB3 and MPCBB5 - Not Privileged memory - MPCBB3 is applicable
2023-09-13 14:11:08,688 [INFO] Rule:228 - rule 117617 - U5Cobra4M][GTZC] default value MPCBB3 and MPCBB5 - Not Privileged memory - MPCBB4 is applicable
2023-09-13 14:11:08,688 [INFO] Rule:228 - rule 117617 - U5Cobra4M][GTZC] default value MPCBB3 and MPCBB5 - Privileged memory - MPCBB1 is applicable
2023-09-13 14:11:08,688 [INFO] Rule:228 - rule 117617 - U5Cobra4M][GTZC] default value MPCBB3 and MPCBB5 - Privileged memory - MPCBB2 is applicable
2023-09-13 14:11:08,688 [INFO] Rule:228 - rule 117617 - U5Cobra4M][GTZC] default value MPCBB3 and MPCBB5 - Privileged memory - MPCBB3 is applicable
2023-09-13 14:11:08,688 [INFO] Rule:228 - rule 117617 - U5Cobra4M][GTZC] default value MPCBB3 and MPCBB5 - Privileged memory - MPCBB4 is applicable
2023-09-13 14:11:08,688 [INFO] Rule:228 - rule 117617 - U5Cobra4M][GTZC] default value MPCBB3 and MPCBB5 - Privileged memory - MPCBB1 is applicable
2023-09-13 14:11:08,688 [INFO] Rule:228 - rule 117617 - U5Cobra4M][GTZC] default value MPCBB3 and MPCBB5 - Privileged memory - MPCBB2 is applicable
2023-09-13 14:11:08,688 [INFO] Rule:228 - rule 117617 - U5Cobra4M][GTZC] default value MPCBB3 and MPCBB5 - Privileged memory - MPCBB3 is applicable
2023-09-13 14:11:08,688 [INFO] Rule:228 - rule 117617 - U5Cobra4M][GTZC] default value MPCBB3 and MPCBB5 - Privileged memory - MPCBB4 is applicable
2023-09-13 14:11:08,688 [INFO] Rule:228 - rule 117617 - U5Cobra4M][GTZC] default value MPCBB3 and MPCBB5 - Not Privileged memory - MPCBB1 is applicable
2023-09-13 14:11:08,688 [INFO] Rule:228 - rule 117617 - U5Cobra4M][GTZC] default value MPCBB3 and MPCBB5 - Not Privileged memory - MPCBB2 is applicable
2023-09-13 14:11:08,688 [INFO] Rule:228 - rule 117617 - U5Cobra4M][GTZC] default value MPCBB3 and MPCBB5 - Not Privileged memory - MPCBB3 is applicable
2023-09-13 14:11:08,688 [INFO] Rule:228 - rule 117617 - U5Cobra4M][GTZC] default value MPCBB3 and MPCBB5 - Not Privileged memory - MPCBB4 is applicable
2023-09-13 14:11:08,688 [INFO] Rule:228 - rule 117617 - U5Cobra4M][GTZC] default value MPCBB3 and MPCBB5 - Privileged memory - MPCBB1 is applicable
2023-09-13 14:11:08,688 [INFO] Rule:228 - rule 117617 - U5Cobra4M][GTZC] default value MPCBB3 and MPCBB5 - Privileged memory - MPCBB2 is applicable
2023-09-13 14:11:08,688 [INFO] Rule:228 - rule 117617 - U5Cobra4M][GTZC] default value MPCBB3 and MPCBB5 - Privileged memory - MPCBB3 is applicable
2023-09-13 14:11:08,688 [INFO] Rule:228 - rule 117617 - U5Cobra4M][GTZC] default value MPCBB3 and MPCBB5 - Privileged memory - MPCBB4 is applicable
2023-09-13 14:11:08,688 [INFO] Rule:228 - rule Rename SubGHz_Phy SUBGHZ_APPLICATION SUBGHZ_PINGPONG to SUBGHZ_ADV_APPLICATION is applicable
2023-09-13 14:11:08,688 [INFO] Rule:228 - rule Rename Enabled to IBEACON is applicable
2023-09-13 14:11:08,688 [INFO] Rule:228 - rule GTZC_S instance for project manager is applicable
2023-09-13 14:11:08,688 [INFO] Rule:228 - rule GTZC_S instance for context M33S is applicable
2023-09-13 14:11:08,688 [INFO] Rule:228 - rule GTZC_S instance value for IP GTZC is applicable
2023-09-13 14:11:08,688 [INFO] Rule:228 - rule GTZC_S instance for mcu.IP is applicable
2023-09-13 14:11:08,688 [INFO] Rule:228 - rule GTZC_S instance for VP is applicable
2023-09-13 14:11:08,688 [INFO] Rule:228 - rule GTZC_S instance for signal is applicable
2023-09-13 14:11:08,689 [INFO] Rule:228 - rule GTZC_S instance for mcu.Pin is applicable
2023-09-13 14:11:08,689 [INFO] Rule:228 - rule GTZC_S instance for VP is applicable
2023-09-13 14:11:08,689 [INFO] Rule:228 - rule GTZC_S instance for signal is applicable
2023-09-13 14:11:08,689 [INFO] Rule:228 - rule GTZC_S instance for mcu is applicable
2023-09-13 14:11:08,689 [INFO] Rule:228 - rule GTZC_S instance for mcu.Pin is applicable
2023-09-13 14:11:08,689 [INFO] Rule:228 - rule GTZC_S instance value for IP GTZC is applicable
2023-09-13 14:11:08,689 [INFO] Rule:228 - rule GTZC_S instance for project manager is applicable
2023-09-13 14:11:08,689 [INFO] Rule:228 - rule GTZC_S instance for context M33S is applicable
2023-09-13 14:11:08,689 [INFO] Rule:228 - rule GTZC_S instance for VP is applicable
2023-09-13 14:11:08,689 [INFO] Rule:228 - rule GTZC_S instance for signal is applicable
2023-09-13 14:11:08,689 [INFO] Rule:228 - rule SPDIFRX instance for mcu is applicable
2023-09-13 14:11:08,689 [INFO] Rule:228 - rule Rename Tracer Mode is applicable
2023-09-13 14:11:08,689 [INFO] Rule:228 - rule SPDIFRX instance value for IP SPDIFRX is applicable
2023-09-13 14:11:08,689 [INFO] Rule:228 - rule SPDIFRX instance for signal is applicable
2023-09-13 14:11:08,689 [INFO] Rule:228 - rule SPDIFRX instance for project manager is applicable
2023-09-13 14:11:08,689 [INFO] Rule:228 - rule SPDIFRX instance for project manager is applicable
2023-09-13 14:11:08,689 [INFO] Rule:228 - rule ADC Scan  fix with FW F7 is applicable
2023-09-13 14:11:08,689 [INFO] Rule:228 - rule ADC Scan  fix with FW F7 is applicable
2023-09-13 14:11:08,689 [INFO] Rule:228 - rule WakeUp0 Mode is applicable
2023-09-13 14:11:08,689 [INFO] Rule:228 - rule WakeUp0 SIGNAL is applicable
2023-09-13 14:11:08,689 [INFO] Rule:228 - rule WakeUp1 Mode is applicable
2023-09-13 14:11:08,689 [INFO] Rule:228 - rule WakeUp1 SIGNAL is applicable
2023-09-13 14:11:08,689 [INFO] Rule:228 - rule WakeUp2 Mode is applicable
2023-09-13 14:11:08,689 [INFO] Rule:228 - rule WakeUp2 SIGNAL is applicable
2023-09-13 14:11:08,689 [INFO] Rule:228 - rule WakeUp4 Mode is applicable
2023-09-13 14:11:08,689 [INFO] Rule:228 - rule WakeUp4 SIGNAL is applicable
2023-09-13 14:11:08,689 [INFO] Rule:228 - rule WakeUp5 Mode is applicable
2023-09-13 14:11:08,689 [INFO] Rule:228 - rule WakeUp5 SIGNAL is applicable
2023-09-13 14:11:08,689 [INFO] Rule:228 - rule UART/USART WORD LENGTH 7 is applicable
2023-09-13 14:11:08,689 [INFO] Rule:228 - rule UART/USART WORD LENGTH 8 is applicable
2023-09-13 14:11:08,689 [INFO] Rule:228 - rule UART/USART WORD LENGTH 9 is applicable
2023-09-13 14:11:08,689 [INFO] Rule:228 - rule Change Default Value for LSE Drive Capability for WB family is applicable
2023-09-13 14:11:08,689 [INFO] Rule:228 - rule Change Default Value for ADC Clock Prescaler G0 family is applicable
2023-09-13 14:11:08,689 [INFO] Rule:228 - rule ADC SamplingTime fix with FW L0  is applicable
2023-09-13 14:11:08,689 [INFO] Rule:228 - rule ADC SamplingTime fix with FW L0  is applicable
2023-09-13 14:11:08,689 [INFO] Rule:228 - rule ADC SamplingTime fix with FW L0 is applicable
2023-09-13 14:11:08,689 [INFO] Rule:228 - rule ADC SamplingTime fix with FW L0 is applicable
2023-09-13 14:11:08,689 [INFO] Rule:228 - rule ADC SamplingTime fix with FW L0  is applicable
2023-09-13 14:11:08,689 [INFO] Rule:228 - rule ADC SamplingTime fix with FW L0 is applicable
2023-09-13 14:11:08,689 [INFO] Rule:228 - rule Rename USB_OE Signal is applicable
2023-09-13 14:11:08,689 [INFO] Rule:228 - rule Rename Activate_OE Mode is applicable
2023-09-13 14:11:08,689 [INFO] Rule:228 - rule Rename DIE462/DIE415 pin PC14/OSC32_IN -> PC14-OSC32_IN (PC14) is applicable
2023-09-13 14:11:08,689 [INFO] Rule:228 - rule Rename DIE462/DIE415 pin PC15/OSC32_OUT -> PC15-OSC32_OUT (PC15) is applicable
2023-09-13 14:11:08,689 [INFO] Rule:228 - rule Rename DIE462/DIE415 pin PH0/OSC_IN -> PH0-OSC_IN (PH0) is applicable
2023-09-13 14:11:08,689 [INFO] Rule:228 - rule Rename DIE462/DIE415 pin PH1/OSC_OUT -> PH1-OSC_OUT (PH1) is applicable
2023-09-13 14:11:08,689 [INFO] Rule:228 - rule Rename DIE462 pin PA13 -> PA13 (JTMS/SWDIO) is applicable
2023-09-13 14:11:08,689 [INFO] Rule:228 - rule Rename DIE415 pin PA13 -> PA13 (JTMS/SWDIO) is applicable
2023-09-13 14:11:08,689 [INFO] Rule:228 - rule Rename DIE462 pin PA14 -> PA14 (JTCK/SWCLK) is applicable
2023-09-13 14:11:08,689 [INFO] Rule:228 - rule Rename DIE415 pin PA14 -> PA14 (JTCK/SWCLK) is applicable
2023-09-13 14:11:08,689 [INFO] Rule:228 - rule Rename DIE462/DIE415 pin PA15 -> PA15 (JTDI) is applicable
2023-09-13 14:11:08,689 [INFO] Rule:228 - rule Rename DIE462 pin PB3 -> PB3 (JTD0/TRACESWO) is applicable
2023-09-13 14:11:08,689 [INFO] Rule:228 - rule Rename DIE415 pin PB3 -> PB3 (JTD0-TRACESWO) is applicable
2023-09-13 14:11:08,689 [INFO] Rule:228 - rule Rename DIE462/DIE415 pin PB4 -> PB4 (NJTRST) is applicable
2023-09-13 14:11:08,689 [INFO] Rule:228 - rule Rename DIE462 pin PH3/BOOT0 -> PH3-BOOT0 (BOOT0) is applicable
2023-09-13 14:11:08,689 [INFO] Rule:228 - rule Rename CRYP DataEncryptionTypesList to Algorithm is applicable
2023-09-13 14:11:08,689 [INFO] Rule:228 - rule Rename AES DataEncryptionTypesList to Algorithm is applicable
2023-09-13 14:11:08,689 [INFO] Rule:228 - rule Rename TDESECB to CRYP_TDES_ECB is applicable
2023-09-13 14:11:08,689 [INFO] Rule:228 - rule Rename TDESCBC to CRYP_TDES_CBC is applicable
2023-09-13 14:11:08,689 [INFO] Rule:228 - rule Rename DESECB to CRYP_DES_ECB is applicable
2023-09-13 14:11:08,689 [INFO] Rule:228 - rule Rename DESCBC to CRYP_DES_CBC is applicable
2023-09-13 14:11:08,689 [INFO] Rule:228 - rule Rename AESECB to CRYP_AES_ECB is applicable
2023-09-13 14:11:08,689 [INFO] Rule:228 - rule Rename AESCBC to CRYP_AES_CBC is applicable
2023-09-13 14:11:08,689 [INFO] Rule:228 - rule Rename AESCTR to CRYP_AES_CTR is applicable
2023-09-13 14:11:08,689 [INFO] Rule:228 - rule Rename AESGCM to CRYP_AES_GCM is applicable
2023-09-13 14:11:08,689 [INFO] Rule:228 - rule Rename AESCCM to CRYP_AES_CCM is applicable
2023-09-13 14:11:08,689 [INFO] Rule:228 - rule Rename CAN TimeSeg1 to BS1 is applicable
2023-09-13 14:11:08,689 [INFO] Rule:228 - rule Rename CAN TimeSeg2 to BS2 is applicable
2023-09-13 14:11:08,689 [INFO] Rule:228 - rule Rename CAN SyncJumpWidth to SJW is applicable
2023-09-13 14:11:08,689 [INFO] Rule:228 - rule TimeTriggeredMode to TTCM is applicable
2023-09-13 14:11:08,689 [INFO] Rule:228 - rule Rename CAN AutoBusOff to ABOM is applicable
2023-09-13 14:11:08,689 [INFO] Rule:228 - rule Rename CAN AutoWakeUp to AWUM is applicable
2023-09-13 14:11:08,689 [INFO] Rule:228 - rule Rename CAN AutoRetransmission to NART is applicable
2023-09-13 14:11:08,689 [INFO] Rule:228 - rule Rename CAN ReceiveFifoLocked to RFLM is applicable
2023-09-13 14:11:08,689 [INFO] Rule:228 - rule Rename CAN TransmitFifoPriority to TXFP is applicable
2023-09-13 14:11:08,689 [INFO] Rule:228 - rule Rename HRTIMER HRTIM_OUTPUTFAULTLEVEL_HIGH in HRTIMER HRTIM_OUTPUTFAULTLEVEL_HIGHZ is applicable
2023-09-13 14:11:08,689 [INFO] Rule:228 - rule Rename TIMER TIM_CLEARINPUTSOURCE_OCREFCLR in  TIMER TIM_CLEARINPUTSOURCE_NONE for F7 family is applicable
2023-09-13 14:11:08,689 [INFO] Rule:228 - rule FDCAN_R1 - Rename FDCAN mode Master into Classic is applicable
2023-09-13 14:11:08,689 [INFO] Rule:228 - rule FDCAN_R2 - Rename FDCAN mode Slave into Classic is applicable
2023-09-13 14:11:08,689 [INFO] Rule:228 - rule FDCAN1_R3 - if PA10.Mode=FullDuplex, add Pin PA12 is applicable
2023-09-13 14:11:08,690 [INFO] Rule:228 - rule FDCAN1_R3 - if PA9.Mode=FullDuplex, add Pin PA11 is applicable
2023-09-13 14:11:08,690 [INFO] Rule:228 - rule FDCAN1_R3 - Alternatepin_1 - if PE1.Mode=FullDuplex, add Pin PB9 is applicable
2023-09-13 14:11:08,690 [INFO] Rule:228 - rule FDCAN1_R3 - Alternatepin_1 - if PE0.Mode=FullDuplex, add Pin PB8 is applicable
2023-09-13 14:11:08,690 [INFO] Rule:228 - rule FDCAN1_R3 - Alternatepin_2 - if PD5.Mode=FullDuplex, add Pin PD1 is applicable
2023-09-13 14:11:08,690 [INFO] Rule:228 - rule FDCAN1_R3 - Alternatepin_2 - if PD4.Mode=FullDuplex, add Pin PD0 is applicable
2023-09-13 14:11:08,690 [INFO] Rule:228 - rule FDCAN1_R4 - Rename Mode FullDuplex into Enable FDCAN_TXFD for pin PA10 is applicable
2023-09-13 14:11:08,690 [INFO] Rule:228 - rule FDCAN1_R4 - Rename Mode FullDuplex into Enable FDCAN_TXFD for pin PA9 is applicable
2023-09-13 14:11:08,690 [INFO] Rule:228 - rule FDCAN1_R4 - Alternatepin_1 - Rename Mode FullDuplex into Enable FDCAN_TXFD for pin PE1 is applicable
2023-09-13 14:11:08,690 [INFO] Rule:228 - rule FDCAN1_R4 - Alternatepin_1 - Rename Mode FullDuplex into Enable FDCAN_TXFD for pin PE0 is applicable
2023-09-13 14:11:08,690 [INFO] Rule:228 - rule FDCAN1_R4 - Alternatepin_2 - Rename Mode FullDuplex into Enable FDCAN_TXFD for pin PD5 is applicable
2023-09-13 14:11:08,690 [INFO] Rule:228 - rule FDCAN1_R4 - Alternatepin_2 - Rename Mode FullDuplex into Enable FDCAN_TXFD for pin PD4 is applicable
2023-09-13 14:11:08,690 [INFO] Rule:228 - rule FDCAN2_R3 - if PD10.Mode=FullDuplex, add Pin PB13 is applicable
2023-09-13 14:11:08,690 [INFO] Rule:228 - rule FDCAN2_R3 - if PD9.Mode=FullDuplex, add Pin PB12 is applicable
2023-09-13 14:11:08,690 [INFO] Rule:228 - rule FDCAN2_R3 - Alternatepin_1 - if PB7.Mode=FullDuplex, add Pin PB6 is applicable
2023-09-13 14:11:08,690 [INFO] Rule:228 - rule FDCAN2_R3 - Alternatepin_1 - if PD9.Mode=FullDuplex, add Pin PB12 is applicable
2023-09-13 14:11:08,690 [INFO] Rule:228 - rule FDCAN2_R4 - Rename Mode FullDuplex into Enable FDCAN_TXFD for pin PD10 is applicable
2023-09-13 14:11:08,690 [INFO] Rule:228 - rule FDCAN2_R4 - Rename Mode FullDuplex into Enable FDCAN_TXFD for pin PD9 is applicable
2023-09-13 14:11:08,690 [INFO] Rule:228 - rule FDCAN2_R4 - Alternatepin_1 - Rename Mode FullDuplex into Enable FDCAN_TXFD for pin PB7 is applicable
2023-09-13 14:11:08,690 [INFO] Rule:228 - rule FDCAN2_R4 - Alternatepin_1 - Rename Mode FullDuplex into Enable FDCAN_TXFD for pin PD6 is applicable
2023-09-13 14:11:08,690 [INFO] Rule:228 - rule USART TxPinLevelInvertParam Mode is applicable
2023-09-13 14:11:08,690 [INFO] Rule:228 - rule USART RxPinLevelInvertParam Mode is applicable
2023-09-13 14:11:08,690 [INFO] Rule:228 - rule USART DataInvertParam Mode is applicable
2023-09-13 14:11:08,690 [INFO] Rule:228 - rule USART SwapParam Mode is applicable
2023-09-13 14:11:08,690 [INFO] Rule:228 - rule USART OverrunDisableParam Mode is applicable
2023-09-13 14:11:08,690 [INFO] Rule:228 - rule USART DMADisableonRxErrorParam Mode is applicable
2023-09-13 14:11:08,690 [INFO] Rule:228 - rule USART MSBFirstParam Mode is applicable
2023-09-13 14:11:08,690 [INFO] Rule:228 - rule Update MwName for USB_DEVICE is applicable
2023-09-13 14:11:08,690 [INFO] Rule:228 - rule Change PWR_Regulator_Voltage_Scale Default Value for RCC  H7 family is applicable
2023-09-13 14:11:08,690 [INFO] Rule:228 - rule UART/USART IPParameter rename Prescaler parameter to ClockPrescaler is applicable
2023-09-13 14:11:08,690 [INFO] Rule:228 - rule UART/USART Prescaler rename Prescaler parameter to ClockPrescaler is applicable
2023-09-13 14:11:08,690 [INFO] Rule:228 - rule TIM1CLockSelection is applicable
2023-09-13 14:11:08,690 [INFO] Rule:228 - rule TIM15CLockSelection is applicable
2023-09-13 14:11:08,690 [INFO] Rule:228 - rule align RCC SDMMC3CLockSelection default value on MP1 is applicable
2023-09-13 14:11:08,690 [INFO] Rule:228 - rule align RCC SDMMC12CLockSelection default value on MP1 is applicable
2023-09-13 14:11:08,690 [INFO] Rule:228 - rule align RCC QSPICLockSelection default value on MP1 is applicable
2023-09-13 14:11:08,690 [INFO] Rule:228 - rule align RCC QSPICLockSelection default value on MP1 is applicable
2023-09-13 14:11:08,690 [INFO] Rule:228 - rule align RCC SPI6CLockSelection default value on MP1 is applicable
2023-09-13 14:11:08,690 [INFO] Rule:228 - rule align RCC LPTIM23CLockSelection default value on MP1 is applicable
2023-09-13 14:11:08,690 [INFO] Rule:228 - rule align RCC LPTIM1CLockSelection default value on MP1 is applicable
2023-09-13 14:11:08,690 [INFO] Rule:228 - rule align RCC USART1CLockSelection default value on MP1 is applicable
2023-09-13 14:11:08,690 [INFO] Rule:228 - rule align RCC USART24CLockSelection default value on MP1 is applicable
2023-09-13 14:11:08,690 [INFO] Rule:228 - rule align RCC USART6CLockSelection default value on MP1 is applicable
2023-09-13 14:11:08,690 [INFO] Rule:228 - rule align RCC UART78CLockSelection default value on MP1 is applicable
2023-09-13 14:11:08,690 [INFO] Rule:228 - rule align RCC USART35CLockSelection default value on MP1 is applicable
2023-09-13 14:11:08,690 [INFO] Rule:228 - rule align RCC SPI45CLockSelection default value on MP1 is applicable
2023-09-13 14:11:08,690 [INFO] Rule:228 - rule align RCC I2C46CLockSelection BCLK value on MP1 is applicable
2023-09-13 14:11:08,690 [INFO] Rule:228 - rule align RCC SPI45CLockSelection default value on MP1 is applicable
2023-09-13 14:11:08,690 [INFO] Rule:228 - rule align RCC I2C12CLockSelection default value on MP1 is applicable
2023-09-13 14:11:08,690 [INFO] Rule:228 - rule align RCC I2C35CLockSelection default value on MP1 is applicable
2023-09-13 14:11:08,690 [INFO] Rule:228 - rule align RCC LPTIM45CLockSelection default value on MP1 is applicable
2023-09-13 14:11:08,690 [INFO] Rule:228 - rule Rename DCMI PIXCK signal is applicable
2023-09-13 14:11:08,690 [INFO] Rule:228 - rule Change Default Value for I2C46CLockSelection MP1 family is applicable
2023-09-13 14:11:08,690 [INFO] Rule:228 - rule Change Default Value for UART for G4, G0 and WB families is applicable
2023-09-13 14:11:08,690 [INFO] Rule:228 - rule Change Default Value for USART for G4, G0 and WB families is applicable
2023-09-13 14:11:08,690 [INFO] Rule:228 - rule Change Default Value for USART for G4 family is applicable
2023-09-13 14:11:08,690 [INFO] Rule:228 - rule Change USART1CLockSelection refparam name for MP1 is applicable
2023-09-13 14:11:08,690 [INFO] Rule:228 - rule Change USART2CLockSelection refparam name for MP1 is applicable
2023-09-13 14:11:08,690 [INFO] Rule:228 - rule Change USART3CLockSelection refparam name for MP1 is applicable
2023-09-13 14:11:08,690 [INFO] Rule:228 - rule Change UART4CLockSelection refparam name for MP1 is applicable
2023-09-13 14:11:08,690 [INFO] Rule:228 - rule Change UART5CLockSelection refparam name for MP1 is applicable
2023-09-13 14:11:08,690 [INFO] Rule:228 - rule Change LPUART1CLockSelection refparam name for MP1 is applicable
2023-09-13 14:11:08,690 [INFO] Rule:228 - rule Change LPTIM1CLockSelection refparam name for MP1 is applicable
2023-09-13 14:11:08,690 [INFO] Rule:228 - rule Change LPTIM2CLockSelection refparam name for MP1 is applicable
2023-09-13 14:11:08,690 [INFO] Rule:228 - rule Change RCC_MCO1Source refparam name for MP1 is applicable
2023-09-13 14:11:08,690 [INFO] Rule:228 - rule Change LSCOSource1 refparam name for MP1 is applicable
2023-09-13 14:11:08,690 [INFO] Rule:228 - rule Change SMPSCLockSelection refparam name for MP1 is applicable
2023-09-13 14:11:08,690 [INFO] Rule:228 - rule Change LPTIM3CLockSelection refparam name for MP1 is applicable
2023-09-13 14:11:08,690 [INFO] Rule:228 - rule Change MPCBB* Default Template Mode to Parameters is applicable
2023-09-13 14:11:08,690 [INFO] Rule:228 - rule Change MPCWM* or MPCBB* Secure Mode to Parameters is applicable
2023-09-13 14:11:08,690 [INFO] Rule:228 - rule Change MPCWM* or MPCBB* No Secure Mode to Parameters is applicable
2023-09-13 14:11:08,690 [INFO] Rule:228 - rule Change TZSC IP Secure Mode to Parameters is applicable
2023-09-13 14:11:08,690 [INFO] Rule:228 - rule Change TZSC IP No Secure Mode to Parameters is applicable
2023-09-13 14:11:08,690 [INFO] Rule:228 - rule Change TZSC IP Privilege Mode to Parameters is applicable
2023-09-13 14:11:08,690 [INFO] Rule:228 - rule Change TZSC IP No Privilege Mode to Parameters is applicable
2023-09-13 14:11:08,690 [INFO] Rule:228 - rule Change TZIC IT Secure Mode to Parameters is applicable
2023-09-13 14:11:08,690 [INFO] Rule:228 - rule Change TZIC IT No Secure Mode to Parameters is applicable
2023-09-13 14:11:08,690 [INFO] Rule:228 - rule Add MPCBB1_NonSecureArea_Start_Address value with referenced to MPCBB1_NonSecureArea_Start value is applicable
2023-09-13 14:11:08,690 [INFO] Rule:228 - rule Add MPCBB2_NonSecureArea_Start_Address value with referenced to MPCBB2_NonSecureArea_Start value is applicable
2023-09-13 14:11:08,690 [INFO] Rule:228 - rule Add MPCWM1_NonSecureArea*_Start_Address value with referenced to MPCWM1_NonSecureArea*_Start value is applicable
2023-09-13 14:11:08,691 [INFO] Rule:228 - rule Add MPCWM2_NonSecureArea*_Start_Address value with referenced to MPCWM2_NonSecureArea*_Start value is applicable
2023-09-13 14:11:08,691 [INFO] Rule:228 - rule Add MPCWM3_NonSecureArea_Start_Address value with referenced to MPCWM3_NonSecureArea_Start value is applicable
2023-09-13 14:11:08,691 [INFO] Rule:228 - rule Change Default Value for PLL1UserDefinedConfig is applicable
2023-09-13 14:11:08,691 [INFO] Rule:228 - rule Change GPIO_PuPd Default Value for USART in async mode is applicable
2023-09-13 14:11:08,691 [INFO] Rule:228 - rule Change SMPSDivider Default Value is applicable
2023-09-13 14:11:08,691 [INFO] Rule:228 - rule OPAMP is applicable
2023-09-13 14:11:08,691 [INFO] Rule:228 - rule LPUART IPParameter rename Prescaler parameter to ClockPrescaler for STM32H7 is applicable
2023-09-13 14:11:08,691 [INFO] Rule:228 - rule LPUART IPParameter rename Prescaler parameter to ClockPrescaler for STM32H7 is applicable
2023-09-13 14:11:08,691 [INFO] Rule:228 - rule LPUART IPParameter rename Prescaler parameter to ClockPrescaler for STM32WB is applicable
2023-09-13 14:11:08,691 [INFO] Rule:228 - rule LPUART IPParameter rename Prescaler parameter to ClockPrescaler for STM32WB is applicable
2023-09-13 14:11:08,691 [INFO] Rule:228 - rule LPUART IPParameter rename Prescaler parameter to ClockPrescaler for STM32G4 is applicable
2023-09-13 14:11:08,691 [INFO] Rule:228 - rule LPUART IPParameter rename Prescaler parameter to ClockPrescaler for STM32G4 is applicable
2023-09-13 14:11:08,691 [INFO] Rule:228 - rule LPUART IPParameter rename Prescaler parameter to ClockPrescaler for STM32L5 is applicable
2023-09-13 14:11:08,691 [INFO] Rule:228 - rule LPUART IPParameter rename Prescaler parameter to ClockPrescaler for STM32L5 is applicable
2023-09-13 14:11:08,691 [INFO] Rule:228 - rule LPUART IPParameter rename Prescaler parameter to ClockPrescaler for STM32G4 is applicable
2023-09-13 14:11:08,691 [INFO] Rule:228 - rule LPUART IPParameter rename Prescaler parameter to ClockPrescaler for STM32G4 is applicable
2023-09-13 14:11:08,691 [INFO] Rule:228 - rule USB device lib V2.5.3 for L0 rename USBD_SUPPORT_USER_STRING parameter to USBD_SUPPORT_USER_STRING_DESC4 is applicable
2023-09-13 14:11:08,691 [INFO] Rule:228 - rule I2SCLockSelection clock entry align is applicable
2023-09-13 14:11:08,691 [INFO] Rule:228 - rule Assign TIMx context if used as SYS timebase is applicable
2023-09-13 14:11:08,691 [INFO] Rule:228 - rule Change GPIO_Pu Default Value for I2C is applicable
2023-09-13 14:11:08,691 [INFO] Rule:228 - rule Change GPIO_Pu Default Value for SMBus is applicable
2023-09-13 14:11:08,691 [INFO] Rule:228 - rule change FDCAN default value is applicable
2023-09-13 14:11:08,691 [INFO] Rule:228 - rule Change mode sai is applicable
2023-09-13 14:11:08,691 [INFO] Rule:228 - rule **Change sai mode is applicable
2023-09-13 14:11:08,696 [INFO] DbConfProperties:307 - Apply Compatibility (34/226 Rules)
2023-09-13 14:11:08,699 [INFO] ImportTextPane:194 - (OptionalMessage_ERROR) Unable to find key (Mcu.ThirdPartyNb) in loaded IOC file
2023-09-13 14:11:08,742 [INFO] RtosManager:555 - Registered RTOS mode: class=CMSIS, group=RTOS, mode=CMSIS_V1, owner=FREERTOS
2023-09-13 14:11:08,742 [INFO] RtosManager:555 - Registered RTOS mode: class=CMSIS, group=RTOS2, mode=CMSIS_V2, owner=FREERTOS
2023-09-13 14:11:08,742 [INFO] RtosManager:555 - Registered RTOS mode: class=RTOS, group=Core, mode=CMSIS_V1, owner=FREERTOS
2023-09-13 14:11:08,742 [INFO] RtosManager:555 - Registered RTOS mode: class=RTOS, group=Core, mode=CMSIS_V2, owner=FREERTOS
2023-09-13 14:11:08,742 [WARN] ModelIntegratedComponent:184 - Missing modes for component STMicroelectronics:FreeRTOS:0.0.1:STMicroelectronics:RTOS:FreeRTOS:Core:::10.2.0:
2023-09-13 14:11:08,746 [WARN] ModelIntegratedComponent:63 - No mode defined for component null
2023-09-13 14:11:08,746 [WARN] ModelIntegratedComponent:63 - No mode defined for component null
2023-09-13 14:11:08,746 [WARN] ModelIntegratedComponent:63 - No mode defined for component null
2023-09-13 14:11:08,746 [WARN] ModelIntegratedComponent:63 - No mode defined for component null
2023-09-13 14:11:08,746 [WARN] ModelIntegratedComponent:63 - No mode defined for component null
2023-09-13 14:11:08,746 [WARN] ModelIntegratedComponent:63 - No mode defined for component null
2023-09-13 14:11:08,746 [WARN] ModelIntegratedComponent:63 - No mode defined for component null
2023-09-13 14:11:08,746 [WARN] ModelIntegratedComponent:63 - No mode defined for component null
2023-09-13 14:11:08,746 [WARN] ModelIntegratedComponent:63 - No mode defined for component null
2023-09-13 14:11:08,746 [WARN] ModelIntegratedComponent:63 - No mode defined for component null
2023-09-13 14:11:08,746 [WARN] ModelIntegratedComponent:63 - No mode defined for component null
2023-09-13 14:11:08,746 [WARN] ModelIntegratedComponent:63 - No mode defined for component null
2023-09-13 14:11:08,746 [WARN] ModelIntegratedComponent:63 - No mode defined for component null
2023-09-13 14:11:08,746 [WARN] ModelIntegratedComponent:63 - No mode defined for component null
2023-09-13 14:11:08,746 [WARN] ModelIntegratedComponent:63 - No mode defined for component null
2023-09-13 14:11:08,746 [WARN] ModelIntegratedComponent:63 - No mode defined for component null
2023-09-13 14:11:08,746 [WARN] ModelIntegratedComponent:63 - No mode defined for component null
2023-09-13 14:11:08,746 [WARN] ModelIntegratedComponent:63 - No mode defined for component null
2023-09-13 14:11:08,746 [WARN] ModelIntegratedComponent:63 - No mode defined for component null
2023-09-13 14:11:08,746 [WARN] ModelIntegratedComponent:63 - No mode defined for component null
2023-09-13 14:11:08,746 [WARN] ModelIntegratedComponent:63 - No mode defined for component null
2023-09-13 14:11:08,746 [WARN] ModelIntegratedComponent:63 - No mode defined for component null
2023-09-13 14:11:08,746 [WARN] ModelIntegratedComponent:63 - No mode defined for component null
2023-09-13 14:11:08,746 [WARN] ModelIntegratedComponent:63 - No mode defined for component null
2023-09-13 14:11:08,746 [WARN] ModelIntegratedComponent:63 - No mode defined for component null
2023-09-13 14:11:08,746 [WARN] ModelIntegratedComponent:63 - No mode defined for component null
2023-09-13 14:11:08,746 [WARN] ModelIntegratedComponent:63 - No mode defined for component null
2023-09-13 14:11:08,746 [WARN] ModelIntegratedComponent:63 - No mode defined for component null
2023-09-13 14:11:08,746 [WARN] ModelIntegratedComponent:63 - No mode defined for component null
2023-09-13 14:11:08,746 [WARN] ModelIntegratedComponent:63 - No mode defined for component null
2023-09-13 14:11:08,746 [WARN] ModelIntegratedComponent:63 - No mode defined for component null
2023-09-13 14:11:08,746 [WARN] ModelIntegratedComponent:63 - No mode defined for component null
2023-09-13 14:11:08,746 [WARN] ModelIntegratedComponent:63 - No mode defined for component null
2023-09-13 14:11:08,750 [INFO] ThirdPartyModel:298 - Start build external matchings
2023-09-13 14:11:08,888 [INFO] ThirdPartyModel:316 - End build external matchings
2023-09-13 14:11:09,063 [INFO] UtilMem:75 - End LoadConfig() Used Memory: 715791272 Bytes (1073741824)
2023-09-13 14:11:09,076 [WARN] ThirdParty:833 - waiting for thirdparty lock release [change project]
2023-09-13 14:11:09,076 [INFO] ThirdParty:835 - entering critical section [change project]
2023-09-13 14:11:09,076 [INFO] ThirdParty:1030 - CMSIS Pack Vendor :STMicroelectronics X-CUBE-ISPU 1.1.0
2023-09-13 14:11:09,076 [INFO] ThirdParty:1030 - CMSIS Pack Vendor :STMicroelectronics X-CUBE-GNSS1 6.0.0
2023-09-13 14:11:09,076 [INFO] ThirdParty:1030 - CMSIS Pack Vendor :STMicroelectronics USB_HOST 2.0.0
2023-09-13 14:11:09,076 [INFO] ThirdParty:1030 - CMSIS Pack Vendor :STMicroelectronics X-CUBE-AZRTOS-F4 1.1.0
2023-09-13 14:11:09,076 [INFO] ThirdParty:1030 - CMSIS Pack Vendor :STMicroelectronics LIBJPEG 8.0.0
2023-09-13 14:11:09,076 [INFO] ThirdParty:1030 - CMSIS Pack Vendor :wolfSSL I-CUBE-wolfSSL 5.6.3
2023-09-13 14:11:09,076 [INFO] ThirdParty:1030 - CMSIS Pack Vendor :STMicroelectronics X-CUBE-SMBUS 2.1.0
2023-09-13 14:11:09,076 [INFO] ThirdParty:1030 - CMSIS Pack Vendor :STMicroelectronics USB_DEVICE 3.0.0
2023-09-13 14:11:09,076 [INFO] ThirdParty:1030 - CMSIS Pack Vendor :STMicroelectronics X-CUBE-AZRTOS-WB 2.0.0
2023-09-13 14:11:09,076 [INFO] ThirdParty:1030 - CMSIS Pack Vendor :STMicroelectronics X-CUBE-AZRTOS-F7 1.1.0
2023-09-13 14:11:09,076 [INFO] ThirdParty:1030 - CMSIS Pack Vendor :STMicroelectronics X-CUBE-AZRTOS-L5 2.0.0
2023-09-13 14:11:09,076 [INFO] ThirdParty:1030 - CMSIS Pack Vendor :STMicroelectronics USB_DEVICE 2.0.0
2023-09-13 14:11:09,076 [INFO] ThirdParty:1030 - CMSIS Pack Vendor :STMicroelectronics X-CUBE-MEMS1 9.6.0
2023-09-13 14:11:09,076 [INFO] ThirdParty:1030 - CMSIS Pack Vendor :STMicroelectronics FP-SNS-MOTENV1 4.3.2
2023-09-13 14:11:09,076 [INFO] ThirdParty:1030 - CMSIS Pack Vendor :STMicroelectronics X-CUBE-ALGOBUILD 1.3.0
2023-09-13 14:11:09,076 [INFO] ThirdParty:1030 - CMSIS Pack Vendor :STMicroelectronics FreeRTOS 0.0.1
2023-09-13 14:11:09,076 [INFO] ThirdParty:1030 - CMSIS Pack Vendor :STMicroelectronics X-CUBE-AZRTOS-G0 1.1.0
2023-09-13 14:11:09,076 [INFO] ThirdParty:1030 - CMSIS Pack Vendor :STMicroelectronics X-CUBE-BLEMGR 2.0.0
2023-09-13 14:11:09,076 [INFO] ThirdParty:1030 - CMSIS Pack Vendor :STMicroelectronics X-CUBE-NFC4 3.0.0
2023-09-13 14:11:09,076 [INFO] ThirdParty:1030 - CMSIS Pack Vendor :STMicroelectronics X-CUBE-SUBG2 5.0.0
2023-09-13 14:11:09,077 [INFO] ThirdParty:1030 - CMSIS Pack Vendor :STMicroelectronics STM32_WPAN 1.0.0
2023-09-13 14:11:09,077 [INFO] ThirdParty:1030 - CMSIS Pack Vendor :STMicroelectronics lwIP 2.0.3
2023-09-13 14:11:09,077 [INFO] ThirdParty:1030 - CMSIS Pack Vendor :STMicroelectronics FP-SNS-FLIGHT1 5.0.2
2023-09-13 14:11:09,077 [INFO] ThirdParty:1030 - CMSIS Pack Vendor :STMicroelectronics USB_HOST 1.0.0
2023-09-13 14:11:09,077 [INFO] ThirdParty:1030 - CMSIS Pack Vendor :STMicroelectronics X-CUBE-TOF1 3.3.1
2023-09-13 14:11:09,077 [INFO] ThirdParty:1030 - CMSIS Pack Vendor :STMicroelectronics X-CUBE-AZRTOS-G4 2.0.0
2023-09-13 14:11:09,077 [INFO] ThirdParty:1030 - CMSIS Pack Vendor :STMicroelectronics PDM2PCM 3.1.0
2023-09-13 14:11:09,077 [INFO] ThirdParty:1030 - CMSIS Pack Vendor :STMicroelectronics X-CUBE-AZRTOS-H7 3.1.0
2023-09-13 14:11:09,077 [INFO] ThirdParty:1030 - CMSIS Pack Vendor :STMicroelectronics PDM2PCM 3.3.0
2023-09-13 14:11:09,077 [INFO] ThirdParty:1030 - CMSIS Pack Vendor :STMicroelectronics X-CUBE-DISPLAY 3.0.0
2023-09-13 14:11:09,077 [INFO] ThirdParty:1030 - CMSIS Pack Vendor :STMicroelectronics X-CUBE-BLE1 7.0.0
2023-09-13 14:11:09,077 [INFO] ThirdParty:1030 - CMSIS Pack Vendor :STMicroelectronics FP-ATR-SIGFOX1 3.2.0
2023-09-13 14:11:09,077 [INFO] ThirdParty:1030 - CMSIS Pack Vendor :STMicroelectronics HAL Drivers 0.0.0
2023-09-13 14:11:09,077 [INFO] ThirdParty:1030 - CMSIS Pack Vendor :STMicroelectronics MBEDTLS 2.16.2
2023-09-13 14:11:09,077 [INFO] ThirdParty:1030 - CMSIS Pack Vendor :emotas I-CUBE-CANOPEN 1.3.0
2023-09-13 14:11:09,077 [INFO] ThirdParty:1030 - CMSIS Pack Vendor :STMicroelectronics X-CUBE-FREERTOS 1.1.0
2023-09-13 14:11:09,077 [INFO] ThirdParty:1030 - CMSIS Pack Vendor :STMicroelectronics X-CUBE-TOUCHGFX 4.22.0
2023-09-13 14:11:09,077 [INFO] ThirdParty:1030 - CMSIS Pack Vendor :STMicroelectronics X-CUBE-NFC7 1.0.1
2023-09-13 14:11:09,077 [INFO] ThirdParty:1030 - CMSIS Pack Vendor :STMicroelectronics MBEDTLS 2.14.1
2023-09-13 14:11:09,077 [INFO] ThirdParty:1030 - CMSIS Pack Vendor :STMicroelectronics X-CUBE-NFC6 3.0.0
2023-09-13 14:11:09,077 [INFO] ThirdParty:1030 - CMSIS Pack Vendor :STMicroelectronics X-CUBE-EEPRMA1 4.1.0
2023-09-13 14:11:09,077 [INFO] ThirdParty:1030 - CMSIS Pack Vendor :portGmbH I-Cube-SoM-uGOAL 1.1.0
2023-09-13 14:11:09,077 [INFO] ThirdParty:1030 - CMSIS Pack Vendor :STMicroelectronics X-CUBE-ALS 1.0.1
2023-09-13 14:11:09,077 [INFO] ThirdParty:1030 - CMSIS Pack Vendor :STMicroelectronics ThreadX 1.0.0
2023-09-13 14:11:09,077 [INFO] ThirdParty:1030 - CMSIS Pack Vendor :STMicroelectronics FP-SNS-SMARTAG2 1.2.0
2023-09-13 14:11:09,077 [INFO] ThirdParty:1030 - CMSIS Pack Vendor :STMicroelectronics X-CUBE-AZRTOS-WL 2.0.0
2023-09-13 14:11:09,077 [INFO] ThirdParty:1030 - CMSIS Pack Vendor :SEGGER I-CUBE-embOS 1.3.1
2023-09-13 14:11:09,077 [INFO] ThirdParty:1030 - CMSIS Pack Vendor :STMicroelectronics USB_DEVICE 1.0.0
2023-09-13 14:11:09,077 [INFO] ThirdParty:1030 - CMSIS Pack Vendor :STMicroelectronics X-CUBE-AI 8.1.0
2023-09-13 14:11:09,077 [INFO] ThirdParty:1030 - CMSIS Pack Vendor :STMicroelectronics X-CUBE-AZRTOS-L4 2.0.0
2023-09-13 14:11:09,077 [INFO] ThirdParty:1030 - CMSIS Pack Vendor :STMicroelectronics ThreadX 0.0.2
2023-09-13 14:11:09,077 [INFO] ThirdParty:1030 - CMSIS Pack Vendor :WES I-CUBE-Cesium 1.3.0
2023-09-13 14:11:09,077 [INFO] ThirdParty:1030 - CMSIS Pack Vendor :STMicroelectronics FP-ATR-ASTRA1 2.0.0
2023-09-13 14:11:09,077 [INFO] ThirdParty:1030 - CMSIS Pack Vendor :STMicroelectronics lwIP 2.1.2
2023-09-13 14:11:09,077 [INFO] ThirdParty:1030 - CMSIS Pack Vendor :STMicroelectronics X-CUBE-SFXS2LP1 4.0.0
2023-09-13 14:11:09,077 [INFO] ThirdParty:1030 - CMSIS Pack Vendor :STMicroelectronics X-CUBE-BLE2 3.3.0
2023-09-13 14:11:09,077 [INFO] ThirdParty:1030 - CMSIS Pack Vendor :STMicroelectronics PDM2PCM 3.2.0
2023-09-13 14:11:09,077 [INFO] ThirdParty:841 - exiting critical section [change project]
2023-09-13 14:11:09,144 [INFO] PinOutPanel:1499 - setPackage(No Configuration,No Configuration)
2023-09-13 14:11:09,144 [INFO] PinOutPanel:1499 - setPackage(STM32F407VGTx,LQFP100)
2023-09-13 14:11:09,230 [INFO] UtilMem:75 - Before build in PCC Used Memory: 667764240 Bytes (1073741824)
2023-09-13 14:11:09,319 [INFO] UtilMem:75 - After build in PCC Used Memory: 712330768 Bytes (1073741824)
2023-09-13 14:11:09,329 [INFO] IPUIPlugin:80 - create IPUIPlugin
2023-09-13 14:11:09,329 [INFO] IPUIPlugin:80 - create IPUIPlugin
2023-09-13 14:11:09,329 [INFO] IPUIPlugin:80 - create IPUIPlugin
2023-09-13 14:11:09,329 [INFO] IPUIPlugin:80 - create IPUIPlugin
2023-09-13 14:11:09,329 [INFO] IPUIPlugin:80 - create IPUIPlugin
2023-09-13 14:11:09,329 [INFO] IPUIPlugin:80 - create IPUIPlugin
2023-09-13 14:11:09,329 [INFO] IPUIPlugin:80 - create IPUIPlugin
2023-09-13 14:11:09,329 [INFO] IPUIPlugin:80 - create IPUIPlugin
2023-09-13 14:11:09,329 [INFO] IPUIPlugin:80 - create IPUIPlugin
2023-09-13 14:11:09,329 [INFO] IPUIPlugin:80 - create IPUIPlugin
2023-09-13 14:11:09,329 [INFO] IPUIPlugin:80 - create IPUIPlugin
2023-09-13 14:11:09,329 [INFO] IPUIPlugin:80 - create IPUIPlugin
2023-09-13 14:11:09,329 [INFO] IPUIPlugin:80 - create IPUIPlugin
2023-09-13 14:11:09,329 [INFO] IPUIPlugin:80 - create IPUIPlugin
2023-09-13 14:11:09,329 [INFO] IPUIPlugin:80 - create IPUIPlugin
2023-09-13 14:11:09,329 [INFO] IPUIPlugin:80 - create IPUIPlugin
2023-09-13 14:11:09,329 [INFO] IPUIPlugin:80 - create IPUIPlugin
2023-09-13 14:11:09,329 [INFO] IPUIPlugin:80 - create IPUIPlugin
2023-09-13 14:11:09,330 [INFO] IPUIPlugin:80 - create IPUIPlugin
2023-09-13 14:11:09,330 [INFO] IPUIPlugin:80 - create IPUIPlugin
2023-09-13 14:11:09,330 [INFO] IPUIPlugin:80 - create IPUIPlugin
2023-09-13 14:11:09,330 [INFO] IPUIPlugin:80 - create IPUIPlugin
2023-09-13 14:11:09,330 [INFO] IPUIPlugin:80 - create IPUIPlugin
2023-09-13 14:11:09,330 [INFO] IPUIPlugin:80 - create IPUIPlugin
2023-09-13 14:11:09,330 [INFO] IPUIPlugin:80 - create IPUIPlugin
2023-09-13 14:11:09,330 [INFO] IPUIPlugin:80 - create IPUIPlugin
2023-09-13 14:11:09,330 [INFO] IPUIPlugin:80 - create IPUIPlugin
2023-09-13 14:11:09,330 [INFO] IPUIPlugin:80 - create IPUIPlugin
2023-09-13 14:11:09,330 [INFO] IPUIPlugin:80 - create IPUIPlugin
2023-09-13 14:11:09,330 [INFO] IPUIPlugin:80 - create IPUIPlugin
2023-09-13 14:11:09,330 [INFO] IPUIPlugin:80 - create IPUIPlugin
2023-09-13 14:11:09,330 [INFO] IPUIPlugin:80 - create IPUIPlugin
2023-09-13 14:11:09,330 [INFO] IPUIPlugin:80 - create IPUIPlugin
2023-09-13 14:11:09,331 [INFO] IPUIPlugin:80 - create IPUIPlugin
2023-09-13 14:11:09,331 [INFO] IPUIPlugin:80 - create IPUIPlugin
2023-09-13 14:11:09,331 [INFO] IPUIPlugin:80 - create IPUIPlugin
2023-09-13 14:11:09,331 [INFO] IPUIPlugin:80 - create IPUIPlugin
2023-09-13 14:11:09,331 [INFO] IPUIPlugin:80 - create IPUIPlugin
2023-09-13 14:11:09,331 [INFO] IPUIPlugin:80 - create IPUIPlugin
2023-09-13 14:11:09,331 [INFO] IPUIPlugin:80 - create IPUIPlugin
2023-09-13 14:11:09,331 [INFO] IPUIPlugin:80 - create IPUIPlugin
2023-09-13 14:11:09,331 [INFO] IPUIPlugin:80 - create IPUIPlugin
2023-09-13 14:11:09,331 [INFO] IPUIPlugin:80 - create IPUIPlugin
2023-09-13 14:11:09,331 [INFO] IPUIPlugin:80 - create IPUIPlugin
2023-09-13 14:11:09,331 [INFO] IPUIPlugin:80 - create IPUIPlugin
2023-09-13 14:11:09,332 [INFO] IPUIPlugin:80 - create IPUIPlugin
2023-09-13 14:11:09,332 [INFO] IPUIPlugin:80 - create IPUIPlugin
2023-09-13 14:11:09,332 [INFO] IPUIPlugin:80 - create IPUIPlugin
2023-09-13 14:11:09,332 [INFO] IPUIPlugin:80 - create IPUIPlugin
2023-09-13 14:11:09,332 [INFO] IPUIPlugin:80 - create IPUIPlugin
2023-09-13 14:11:09,332 [INFO] IPUIPlugin:80 - create IPUIPlugin
2023-09-13 14:11:09,332 [INFO] IPUIPlugin:80 - create IPUIPlugin
2023-09-13 14:11:09,332 [INFO] IPUIPlugin:80 - create IPUIPlugin
2023-09-13 14:11:09,332 [INFO] IPUIPlugin:80 - create IPUIPlugin
2023-09-13 14:11:09,333 [INFO] IPUIPlugin:80 - create IPUIPlugin
2023-09-13 14:11:09,333 [INFO] IPUIPlugin:80 - create IPUIPlugin
2023-09-13 14:11:09,333 [INFO] IPUIPlugin:80 - create IPUIPlugin
2023-09-13 14:11:09,333 [INFO] IPUIPlugin:80 - create IPUIPlugin
2023-09-13 14:11:09,335 [INFO] ApiDbMcu:507 - Load IP Config File for PDM2PCM
2023-09-13 14:11:09,343 [INFO] CADModel:165 - CPN selected for project levelSTM32F407VGT6
2023-09-13 14:11:09,343 [INFO] CADModel:114 - Register for checkConnection events
2023-09-13 14:11:09,391 [INFO] OpenFileManager:328 - Restore cursor
2023-09-13 14:11:09,572 [INFO] UtilMem:75 - End SaveConfig() Used Memory: 799305384 Bytes (1073741824)
2023-09-13 14:11:09,634 [INFO] UtilMem:75 - End SaveConfig() Used Memory: 819228280 Bytes (1073741824)
2023-09-13 14:11:09,794 [INFO] BlockDiagram:2759 - set Specific Code input for plugin: SYS
2023-09-13 14:11:09,794 [INFO] BlockDiagram:2759 - set Specific Code input for plugin: RCC
2023-09-13 14:11:09,794 [INFO] BlockDiagram:2759 - set Specific Code input for plugin: NVIC
2023-09-13 14:11:09,794 [INFO] BlockDiagram:2759 - set Specific Code input for plugin: GPIO
2023-09-13 14:11:09,795 [INFO] CodeGenerator:793 - code generatio: config db path: C:\ST\STM32CubeIDE_1.12.0\STM32CubeIDE\plugins\com.st.stm32cube.common.mx_6.8.0.202302231600\\db\
2023-09-13 14:11:09,881 [INFO] CodeEngine:255 - oldGeneratedFile, C:\Workspace\RTOS_workspace\005LED_Task_Notify\MXTmpFiles\license.tmp_save
2023-09-13 14:11:09,935 [INFO] CodeEngine:279 - Generated code: C:\Workspace\RTOS_workspace\005LED_Task_Notify\MXTmpFiles\license.tmp
2023-09-13 14:11:09,955 [INFO] CodeEngine:255 - oldGeneratedFile, C:\Workspace\RTOS_workspace\005LED_Task_Notify\MXTmpFiles\gpio.tmp_save
2023-09-13 14:11:09,989 [INFO] CodeEngine:279 - Generated code: C:\Workspace\RTOS_workspace\005LED_Task_Notify\MXTmpFiles\gpio.tmp
2023-09-13 14:11:10,006 [INFO] CodeEngine:255 - oldGeneratedFile, C:\Workspace\RTOS_workspace\005LED_Task_Notify\Core\Src\stm32f4xx_it.c_save
2023-09-13 14:11:10,119 [INFO] CodeEngine:279 - Generated code: C:\Workspace\RTOS_workspace\005LED_Task_Notify\Core\Src\stm32f4xx_it.c
2023-09-13 14:11:10,121 [INFO] CodeEngine:255 - oldGeneratedFile, C:\Workspace\RTOS_workspace\005LED_Task_Notify\Core\Inc\stm32f4xx_it.h_save
2023-09-13 14:11:10,151 [INFO] CodeEngine:279 - Generated code: C:\Workspace\RTOS_workspace\005LED_Task_Notify\Core\Inc\stm32f4xx_it.h
2023-09-13 14:11:10,158 [INFO] CodeEngine:255 - oldGeneratedFile, C:\Workspace\RTOS_workspace\005LED_Task_Notify\Core\Src\stm32f4xx_hal_msp.c_save
2023-09-13 14:11:10,199 [INFO] CodeEngine:279 - Generated code: C:\Workspace\RTOS_workspace\005LED_Task_Notify\Core\Src\stm32f4xx_hal_msp.c
2023-09-13 14:11:10,201 [INFO] CodeEngine:255 - oldGeneratedFile, C:\Workspace\RTOS_workspace\005LED_Task_Notify\MXTmpFiles\system.tmp_save
2023-09-13 14:11:10,227 [INFO] CodeEngine:279 - Generated code: C:\Workspace\RTOS_workspace\005LED_Task_Notify\MXTmpFiles\system.tmp
2023-09-13 14:11:10,234 [INFO] CodeEngine:311 - oldGeneratedFile, C:\Workspace\RTOS_workspace\005LED_Task_Notify\Core\Inc\stm32f4xx_hal_conf.h_save
2023-09-13 14:11:10,267 [INFO] CodeEngine:335 - Generated code: C:\Workspace\RTOS_workspace\005LED_Task_Notify\Core\Inc\stm32f4xx_hal_conf.h
2023-09-13 14:11:10,282 [INFO] CodeEngine:255 - oldGeneratedFile, C:\Workspace\RTOS_workspace\005LED_Task_Notify\Core\Inc\main.h_save
2023-09-13 14:11:10,316 [INFO] CodeEngine:279 - Generated code: C:\Workspace\RTOS_workspace\005LED_Task_Notify\Core\Inc\main.h
2023-09-13 14:11:10,319 [INFO] CodeEngine:255 - oldGeneratedFile, C:\Workspace\RTOS_workspace\005LED_Task_Notify\Core\Src\main.c_save
2023-09-13 14:11:10,360 [INFO] CodeEngine:279 - Generated code: C:\Workspace\RTOS_workspace\005LED_Task_Notify\Core\Src\main.c
2023-09-13 14:11:10,760 [INFO] ProjectBuilder:2996 - Time for Copy HAL[1] : 155mS.
2023-09-13 14:11:10,764 [INFO] ProjectBuilder:4304 - Project Generator version: 3.19.2
2023-09-13 14:11:10,974 [INFO] ConfigFileManager:1483 - The Die is : DIE413
2023-09-13 14:11:10,975 [INFO] ApiDbMcu:507 - Load IP Config File for FATFS
2023-09-13 14:11:10,977 [INFO] ApiDbMcu:507 - Load IP Config File for FREERTOS
2023-09-13 14:11:10,978 [INFO] ApiDbMcu:507 - Load IP Config File for LIBJPEG
2023-09-13 14:11:10,981 [INFO] ApiDbMcu:507 - Load IP Config File for LWIP
2023-09-13 14:11:10,983 [INFO] ApiDbMcu:507 - Load IP Config File for MBEDTLS
2023-09-13 14:11:10,986 [INFO] ApiDbMcu:507 - Load IP Config File for USB_DEVICE
2023-09-13 14:11:10,987 [INFO] ApiDbMcu:507 - Load IP Config File for USB_HOST
2023-09-13 14:11:13,469 [INFO] ProjectBuilder:4505 - Time for Generating toolchain IDE Files: 2705mS.
2023-09-13 14:11:13,470 [INFO] ProjectBuilder:2867 - Time for Copy CMSIS : 0mS.
2023-09-13 14:11:13,471 [INFO] ProjectBuilder:2867 - Time for Copy CMSIS : 0mS.
2023-09-13 14:11:13,614 [INFO] McuFinderGlobals:66 - Set McuFinderConnectedMode to true
2023-09-13 14:11:13,615 [INFO] ApiDb:448 - Save user favorites file C:\Users\Chienpeng.h.ARBIN/.stm32cubeide/favorites.mcus.txt: 0 item(s)
2023-09-13 14:11:13,615 [INFO] ApiDb:452 - User favorites MCUs=[]
2023-09-13 14:11:13,615 [INFO] ApiDb:448 - Save user favorites file C:\Users\Chienpeng.h.ARBIN/.stm32cubeide/favorites.boards.txt: 1 item(s)
2023-09-13 14:11:13,616 [INFO] ApiDb:452 - User favorites Boards=[STM32F407G-DISC1]
2023-09-13 14:12:32,368 [INFO] UtilMem:75 - End SaveConfig() Used Memory: 645457352 Bytes (1073741824)
2023-09-13 14:12:33,286 [INFO] UtilMem:75 - End SaveConfig() Used Memory: 667477448 Bytes (1073741824)
2023-09-13 14:12:35,185 [INFO] UtilMem:75 - End SaveConfig() Used Memory: 710991304 Bytes (1073741824)
2023-09-13 14:12:35,322 [INFO] BlockDiagram:2759 - set Specific Code input for plugin: SYS
2023-09-13 14:12:35,322 [INFO] BlockDiagram:2759 - set Specific Code input for plugin: RCC
2023-09-13 14:12:35,322 [INFO] BlockDiagram:2759 - set Specific Code input for plugin: NVIC
2023-09-13 14:12:35,322 [INFO] BlockDiagram:2759 - set Specific Code input for plugin: GPIO
2023-09-13 14:12:35,324 [INFO] CodeGenerator:793 - code generatio: config db path: C:\ST\STM32CubeIDE_1.12.0\STM32CubeIDE\plugins\com.st.stm32cube.common.mx_6.8.0.202302231600\\db\
2023-09-13 14:12:35,406 [INFO] CodeEngine:255 - oldGeneratedFile, C:\Workspace\RTOS_workspace\005LED_Task_Notify\MXTmpFiles\license.tmp_save
2023-09-13 14:12:35,437 [INFO] CodeEngine:279 - Generated code: C:\Workspace\RTOS_workspace\005LED_Task_Notify\MXTmpFiles\license.tmp
2023-09-13 14:12:35,473 [INFO] CodeEngine:255 - oldGeneratedFile, C:\Workspace\RTOS_workspace\005LED_Task_Notify\MXTmpFiles\gpio.tmp_save
2023-09-13 14:12:35,505 [INFO] CodeEngine:279 - Generated code: C:\Workspace\RTOS_workspace\005LED_Task_Notify\MXTmpFiles\gpio.tmp
2023-09-13 14:12:35,525 [INFO] CodeEngine:255 - oldGeneratedFile, C:\Workspace\RTOS_workspace\005LED_Task_Notify\Core\Src\stm32f4xx_it.c_save
2023-09-13 14:12:35,565 [INFO] CodeEngine:279 - Generated code: C:\Workspace\RTOS_workspace\005LED_Task_Notify\Core\Src\stm32f4xx_it.c
2023-09-13 14:12:35,570 [INFO] CodeEngine:255 - oldGeneratedFile, C:\Workspace\RTOS_workspace\005LED_Task_Notify\Core\Inc\stm32f4xx_it.h_save
2023-09-13 14:12:35,602 [INFO] CodeEngine:279 - Generated code: C:\Workspace\RTOS_workspace\005LED_Task_Notify\Core\Inc\stm32f4xx_it.h
2023-09-13 14:12:35,612 [INFO] CodeEngine:255 - oldGeneratedFile, C:\Workspace\RTOS_workspace\005LED_Task_Notify\Core\Src\stm32f4xx_hal_msp.c_save
2023-09-13 14:12:35,654 [INFO] CodeEngine:279 - Generated code: C:\Workspace\RTOS_workspace\005LED_Task_Notify\Core\Src\stm32f4xx_hal_msp.c
2023-09-13 14:12:35,657 [INFO] CodeEngine:255 - oldGeneratedFile, C:\Workspace\RTOS_workspace\005LED_Task_Notify\MXTmpFiles\system.tmp_save
2023-09-13 14:12:35,684 [INFO] CodeEngine:279 - Generated code: C:\Workspace\RTOS_workspace\005LED_Task_Notify\MXTmpFiles\system.tmp
2023-09-13 14:12:35,686 [INFO] CodeEngine:255 - oldGeneratedFile, C:\Workspace\RTOS_workspace\005LED_Task_Notify\Core\Src\stm32f4xx_hal_timebase_tim.c_save
2023-09-13 14:12:35,716 [INFO] CodeEngine:279 - Generated code: C:\Workspace\RTOS_workspace\005LED_Task_Notify\Core\Src\stm32f4xx_hal_timebase_tim.c
2023-09-13 14:12:35,725 [INFO] CodeEngine:311 - oldGeneratedFile, C:\Workspace\RTOS_workspace\005LED_Task_Notify\Core\Inc\stm32f4xx_hal_conf.h_save
2023-09-13 14:12:35,760 [INFO] CodeEngine:335 - Generated code: C:\Workspace\RTOS_workspace\005LED_Task_Notify\Core\Inc\stm32f4xx_hal_conf.h
2023-09-13 14:12:35,779 [INFO] CodeEngine:255 - oldGeneratedFile, C:\Workspace\RTOS_workspace\005LED_Task_Notify\Core\Inc\main.h_save
2023-09-13 14:12:35,841 [INFO] CodeEngine:279 - Generated code: C:\Workspace\RTOS_workspace\005LED_Task_Notify\Core\Inc\main.h
2023-09-13 14:12:35,847 [INFO] CodeEngine:255 - oldGeneratedFile, C:\Workspace\RTOS_workspace\005LED_Task_Notify\Core\Src\main.c_save
2023-09-13 14:12:35,910 [INFO] CodeEngine:279 - Generated code: C:\Workspace\RTOS_workspace\005LED_Task_Notify\Core\Src\main.c
2023-09-13 14:12:36,299 [INFO] ProjectBuilder:2996 - Time for Copy HAL[1] : 149mS.
2023-09-13 14:12:36,301 [INFO] ProjectBuilder:4304 - Project Generator version: 3.19.2
2023-09-13 14:12:36,470 [INFO] ConfigFileManager:1483 - The Die is : DIE413
2023-09-13 14:12:36,999 [INFO] ProjectBuilder:4505 - Time for Generating toolchain IDE Files: 697mS.
2023-09-13 14:12:36,999 [INFO] ProjectBuilder:2867 - Time for Copy CMSIS : 0mS.
2023-09-13 14:12:37,001 [INFO] ProjectBuilder:2867 - Time for Copy CMSIS : 1mS.
