2023-09-07 09:35:48,868 [INFO] MainUpdater:2854 - connection check result : 10
2023-09-07 09:35:48,880 [INFO] MainUpdater:2854 - connection check result : 10
2023-09-07 09:35:48,892 [INFO] MicroXplorer:468 - Change Database Path : 
2023-09-07 09:35:48,892 [INFO] MicroXplorer:498 - Change Database Version : DB.6.0.80
2023-09-07 09:35:48,908 [WARN] ThirdParty:871 - waiting for thirdparty lock release [close project]
2023-09-07 09:35:48,908 [INFO] ThirdParty:873 - entering critical section [close project]
2023-09-07 09:35:48,908 [INFO] ThirdParty:883 - exiting critical section [close project]
2023-09-07 09:35:48,909 [INFO] PinOutPanel:1499 - setPackage(No Configuration,No Configuration)
2023-09-07 09:35:48,914 [WARN] IpParametersView:150 - Warning: This peripheral hasn't parameters
2023-09-07 09:35:48,919 [WARN] MainPanel:257 - <html><b><center>Warning: This peripheral has no parameters to be configured<br></b></html>
2023-09-07 09:35:48,924 [INFO] UtilMem:75 - Begin LoadConfig() Used Memory: 642715456 Bytes (966787072)
2023-09-07 09:35:48,924 [INFO] MicroXplorer:468 - Change Database Path : 
2023-09-07 09:35:48,924 [INFO] MicroXplorer:498 - Change Database Version : DB.6.0.80
2023-09-07 09:35:48,924 [INFO] OpenFileManager:308 - Change cursor
2023-09-07 09:35:48,934 [INFO] RulesReader:64 - Compatibility file has been processed (293 Rules)
2023-09-07 09:35:48,936 [INFO] Mcu:1937 - Initializing MCU STM32F407V(E-G)Tx STM32F407VGTx STM32F407VGT6
2023-09-07 09:35:49,613 [INFO] Context:659 - Trying to add GPIOservice into a context  which must be forbidden
2023-09-07 09:35:49,764 [INFO] RtosManager:555 - Registered RTOS mode: class=CMSIS, group=RTOS, mode=CMSIS_V1, owner=FREERTOS
2023-09-07 09:35:49,764 [INFO] RtosManager:555 - Registered RTOS mode: class=CMSIS, group=RTOS2, mode=CMSIS_V2, owner=FREERTOS
2023-09-07 09:35:49,764 [INFO] RtosManager:555 - Registered RTOS mode: class=RTOS, group=Core, mode=CMSIS_V1, owner=FREERTOS
2023-09-07 09:35:49,764 [INFO] RtosManager:555 - Registered RTOS mode: class=RTOS, group=Core, mode=CMSIS_V2, owner=FREERTOS
2023-09-07 09:35:49,764 [WARN] ModelIntegratedComponent:184 - Missing modes for component STMicroelectronics:FreeRTOS:0.0.1:STMicroelectronics:RTOS:FreeRTOS:Core:::10.2.0:
2023-09-07 09:35:49,768 [WARN] ModelIntegratedComponent:63 - No mode defined for component null
2023-09-07 09:35:49,768 [WARN] ModelIntegratedComponent:63 - No mode defined for component null
2023-09-07 09:35:49,768 [WARN] ModelIntegratedComponent:63 - No mode defined for component null
2023-09-07 09:35:49,768 [WARN] ModelIntegratedComponent:63 - No mode defined for component null
2023-09-07 09:35:49,768 [WARN] ModelIntegratedComponent:63 - No mode defined for component null
2023-09-07 09:35:49,768 [WARN] ModelIntegratedComponent:63 - No mode defined for component null
2023-09-07 09:35:49,768 [WARN] ModelIntegratedComponent:63 - No mode defined for component null
2023-09-07 09:35:49,768 [WARN] ModelIntegratedComponent:63 - No mode defined for component null
2023-09-07 09:35:49,769 [WARN] ModelIntegratedComponent:63 - No mode defined for component null
2023-09-07 09:35:49,769 [WARN] ModelIntegratedComponent:63 - No mode defined for component null
2023-09-07 09:35:49,769 [WARN] ModelIntegratedComponent:63 - No mode defined for component null
2023-09-07 09:35:49,769 [WARN] ModelIntegratedComponent:63 - No mode defined for component null
2023-09-07 09:35:49,769 [WARN] ModelIntegratedComponent:63 - No mode defined for component null
2023-09-07 09:35:49,769 [WARN] ModelIntegratedComponent:63 - No mode defined for component null
2023-09-07 09:35:49,769 [WARN] ModelIntegratedComponent:63 - No mode defined for component null
2023-09-07 09:35:49,769 [WARN] ModelIntegratedComponent:63 - No mode defined for component null
2023-09-07 09:35:49,769 [WARN] ModelIntegratedComponent:63 - No mode defined for component null
2023-09-07 09:35:49,769 [WARN] ModelIntegratedComponent:63 - No mode defined for component null
2023-09-07 09:35:49,769 [WARN] ModelIntegratedComponent:63 - No mode defined for component null
2023-09-07 09:35:49,769 [WARN] ModelIntegratedComponent:63 - No mode defined for component null
2023-09-07 09:35:49,769 [WARN] ModelIntegratedComponent:63 - No mode defined for component null
2023-09-07 09:35:49,769 [WARN] ModelIntegratedComponent:63 - No mode defined for component null
2023-09-07 09:35:49,769 [WARN] ModelIntegratedComponent:63 - No mode defined for component null
2023-09-07 09:35:49,769 [WARN] ModelIntegratedComponent:63 - No mode defined for component null
2023-09-07 09:35:49,769 [WARN] ModelIntegratedComponent:63 - No mode defined for component null
2023-09-07 09:35:49,769 [WARN] ModelIntegratedComponent:63 - No mode defined for component null
2023-09-07 09:35:49,769 [WARN] ModelIntegratedComponent:63 - No mode defined for component null
2023-09-07 09:35:49,769 [WARN] ModelIntegratedComponent:63 - No mode defined for component null
2023-09-07 09:35:49,769 [WARN] ModelIntegratedComponent:63 - No mode defined for component null
2023-09-07 09:35:49,769 [WARN] ModelIntegratedComponent:63 - No mode defined for component null
2023-09-07 09:35:49,769 [WARN] ModelIntegratedComponent:63 - No mode defined for component null
2023-09-07 09:35:49,769 [WARN] ModelIntegratedComponent:63 - No mode defined for component null
2023-09-07 09:35:49,769 [WARN] ModelIntegratedComponent:63 - No mode defined for component null
2023-09-07 09:35:49,773 [INFO] ThirdPartyModel:298 - Start build external matchings
2023-09-07 09:35:49,920 [INFO] ThirdPartyModel:316 - End build external matchings
2023-09-07 09:35:50,107 [INFO] UtilMem:75 - End LoadConfig() Used Memory: 588106848 Bytes (966787072)
2023-09-07 09:35:50,126 [WARN] ThirdParty:833 - waiting for thirdparty lock release [change project]
2023-09-07 09:35:50,127 [INFO] ThirdParty:835 - entering critical section [change project]
2023-09-07 09:35:50,127 [INFO] ThirdParty:1030 - CMSIS Pack Vendor :STMicroelectronics X-CUBE-ISPU 1.1.0
2023-09-07 09:35:50,127 [INFO] ThirdParty:1030 - CMSIS Pack Vendor :STMicroelectronics X-CUBE-GNSS1 6.0.0
2023-09-07 09:35:50,127 [INFO] ThirdParty:1030 - CMSIS Pack Vendor :STMicroelectronics USB_HOST 2.0.0
2023-09-07 09:35:50,127 [INFO] ThirdParty:1030 - CMSIS Pack Vendor :STMicroelectronics X-CUBE-AZRTOS-F4 1.1.0
2023-09-07 09:35:50,127 [INFO] ThirdParty:1030 - CMSIS Pack Vendor :STMicroelectronics LIBJPEG 8.0.0
2023-09-07 09:35:50,127 [INFO] ThirdParty:1030 - CMSIS Pack Vendor :wolfSSL I-CUBE-wolfSSL 5.6.3
2023-09-07 09:35:50,127 [INFO] ThirdParty:1030 - CMSIS Pack Vendor :STMicroelectronics X-CUBE-SMBUS 2.1.0
2023-09-07 09:35:50,127 [INFO] ThirdParty:1030 - CMSIS Pack Vendor :STMicroelectronics USB_DEVICE 3.0.0
2023-09-07 09:35:50,127 [INFO] ThirdParty:1030 - CMSIS Pack Vendor :STMicroelectronics X-CUBE-AZRTOS-WB 2.0.0
2023-09-07 09:35:50,127 [INFO] ThirdParty:1030 - CMSIS Pack Vendor :STMicroelectronics X-CUBE-AZRTOS-F7 1.1.0
2023-09-07 09:35:50,127 [INFO] ThirdParty:1030 - CMSIS Pack Vendor :STMicroelectronics X-CUBE-AZRTOS-L5 2.0.0
2023-09-07 09:35:50,127 [INFO] ThirdParty:1030 - CMSIS Pack Vendor :STMicroelectronics USB_DEVICE 2.0.0
2023-09-07 09:35:50,127 [INFO] ThirdParty:1030 - CMSIS Pack Vendor :STMicroelectronics X-CUBE-MEMS1 9.6.0
2023-09-07 09:35:50,127 [INFO] ThirdParty:1030 - CMSIS Pack Vendor :STMicroelectronics FP-SNS-MOTENV1 4.3.2
2023-09-07 09:35:50,127 [INFO] ThirdParty:1030 - CMSIS Pack Vendor :STMicroelectronics X-CUBE-ALGOBUILD 1.3.0
2023-09-07 09:35:50,127 [INFO] ThirdParty:1030 - CMSIS Pack Vendor :STMicroelectronics FreeRTOS 0.0.1
2023-09-07 09:35:50,127 [INFO] ThirdParty:1030 - CMSIS Pack Vendor :STMicroelectronics X-CUBE-AZRTOS-G0 1.1.0
2023-09-07 09:35:50,127 [INFO] ThirdParty:1030 - CMSIS Pack Vendor :STMicroelectronics X-CUBE-BLEMGR 2.0.0
2023-09-07 09:35:50,127 [INFO] ThirdParty:1030 - CMSIS Pack Vendor :STMicroelectronics X-CUBE-NFC4 3.0.0
2023-09-07 09:35:50,127 [INFO] ThirdParty:1030 - CMSIS Pack Vendor :STMicroelectronics X-CUBE-SUBG2 5.0.0
2023-09-07 09:35:50,127 [INFO] ThirdParty:1030 - CMSIS Pack Vendor :STMicroelectronics STM32_WPAN 1.0.0
2023-09-07 09:35:50,127 [INFO] ThirdParty:1030 - CMSIS Pack Vendor :STMicroelectronics lwIP 2.0.3
2023-09-07 09:35:50,127 [INFO] ThirdParty:1030 - CMSIS Pack Vendor :STMicroelectronics FP-SNS-FLIGHT1 5.0.2
2023-09-07 09:35:50,127 [INFO] ThirdParty:1030 - CMSIS Pack Vendor :STMicroelectronics USB_HOST 1.0.0
2023-09-07 09:35:50,127 [INFO] ThirdParty:1030 - CMSIS Pack Vendor :STMicroelectronics X-CUBE-TOF1 3.3.1
2023-09-07 09:35:50,127 [INFO] ThirdParty:1030 - CMSIS Pack Vendor :STMicroelectronics X-CUBE-AZRTOS-G4 2.0.0
2023-09-07 09:35:50,127 [INFO] ThirdParty:1030 - CMSIS Pack Vendor :STMicroelectronics PDM2PCM 3.1.0
2023-09-07 09:35:50,127 [INFO] ThirdParty:1030 - CMSIS Pack Vendor :STMicroelectronics X-CUBE-AZRTOS-H7 3.1.0
2023-09-07 09:35:50,127 [INFO] ThirdParty:1030 - CMSIS Pack Vendor :STMicroelectronics PDM2PCM 3.3.0
2023-09-07 09:35:50,127 [INFO] ThirdParty:1030 - CMSIS Pack Vendor :STMicroelectronics X-CUBE-DISPLAY 3.0.0
2023-09-07 09:35:50,127 [INFO] ThirdParty:1030 - CMSIS Pack Vendor :STMicroelectronics X-CUBE-BLE1 7.0.0
2023-09-07 09:35:50,127 [INFO] ThirdParty:1030 - CMSIS Pack Vendor :STMicroelectronics FP-ATR-SIGFOX1 3.2.0
2023-09-07 09:35:50,127 [INFO] ThirdParty:1030 - CMSIS Pack Vendor :STMicroelectronics HAL Drivers 0.0.0
2023-09-07 09:35:50,127 [INFO] ThirdParty:1030 - CMSIS Pack Vendor :STMicroelectronics MBEDTLS 2.16.2
2023-09-07 09:35:50,127 [INFO] ThirdParty:1030 - CMSIS Pack Vendor :emotas I-CUBE-CANOPEN 1.3.0
2023-09-07 09:35:50,127 [INFO] ThirdParty:1030 - CMSIS Pack Vendor :STMicroelectronics X-CUBE-FREERTOS 1.1.0
2023-09-07 09:35:50,127 [INFO] ThirdParty:1030 - CMSIS Pack Vendor :STMicroelectronics X-CUBE-TOUCHGFX 4.22.0
2023-09-07 09:35:50,127 [INFO] ThirdParty:1030 - CMSIS Pack Vendor :STMicroelectronics X-CUBE-NFC7 1.0.1
2023-09-07 09:35:50,127 [INFO] ThirdParty:1030 - CMSIS Pack Vendor :STMicroelectronics MBEDTLS 2.14.1
2023-09-07 09:35:50,127 [INFO] ThirdParty:1030 - CMSIS Pack Vendor :STMicroelectronics X-CUBE-EEPRMA1 4.1.0
2023-09-07 09:35:50,127 [INFO] ThirdParty:1030 - CMSIS Pack Vendor :portGmbH I-Cube-SoM-uGOAL 1.1.0
2023-09-07 09:35:50,127 [INFO] ThirdParty:1030 - CMSIS Pack Vendor :STMicroelectronics X-CUBE-ALS 1.0.1
2023-09-07 09:35:50,127 [INFO] ThirdParty:1030 - CMSIS Pack Vendor :STMicroelectronics ThreadX 1.0.0
2023-09-07 09:35:50,127 [INFO] ThirdParty:1030 - CMSIS Pack Vendor :STMicroelectronics X-CUBE-AZRTOS-WL 2.0.0
2023-09-07 09:35:50,127 [INFO] ThirdParty:1030 - CMSIS Pack Vendor :SEGGER I-CUBE-embOS 1.3.1
2023-09-07 09:35:50,127 [INFO] ThirdParty:1030 - CMSIS Pack Vendor :STMicroelectronics USB_DEVICE 1.0.0
2023-09-07 09:35:50,127 [INFO] ThirdParty:1030 - CMSIS Pack Vendor :STMicroelectronics X-CUBE-AI 8.1.0
2023-09-07 09:35:50,127 [INFO] ThirdParty:1030 - CMSIS Pack Vendor :STMicroelectronics X-CUBE-AZRTOS-L4 2.0.0
2023-09-07 09:35:50,127 [INFO] ThirdParty:1030 - CMSIS Pack Vendor :STMicroelectronics ThreadX 0.0.2
2023-09-07 09:35:50,127 [INFO] ThirdParty:1030 - CMSIS Pack Vendor :WES I-CUBE-Cesium 1.3.0
2023-09-07 09:35:50,127 [INFO] ThirdParty:1030 - CMSIS Pack Vendor :STMicroelectronics FP-ATR-ASTRA1 2.0.0
2023-09-07 09:35:50,127 [INFO] ThirdParty:1030 - CMSIS Pack Vendor :STMicroelectronics lwIP 2.1.2
2023-09-07 09:35:50,127 [INFO] ThirdParty:1030 - CMSIS Pack Vendor :STMicroelectronics X-CUBE-SFXS2LP1 4.0.0
2023-09-07 09:35:50,127 [INFO] ThirdParty:1030 - CMSIS Pack Vendor :STMicroelectronics X-CUBE-BLE2 3.3.0
2023-09-07 09:35:50,127 [INFO] ThirdParty:1030 - CMSIS Pack Vendor :STMicroelectronics PDM2PCM 3.2.0
2023-09-07 09:35:50,127 [INFO] ThirdParty:841 - exiting critical section [change project]
2023-09-07 09:35:50,205 [INFO] PinOutPanel:1499 - setPackage(No Configuration,No Configuration)
2023-09-07 09:35:50,205 [INFO] PinOutPanel:1499 - setPackage(STM32F407VGTx,LQFP100)
2023-09-07 09:35:50,281 [INFO] UtilMem:75 - Before build in PCC Used Memory: 738922552 Bytes (966787072)
2023-09-07 09:35:50,363 [INFO] UtilMem:75 - After build in PCC Used Memory: 783484984 Bytes (966787072)
2023-09-07 09:35:50,373 [INFO] IPUIPlugin:80 - create IPUIPlugin
2023-09-07 09:35:50,373 [INFO] IPUIPlugin:80 - create IPUIPlugin
2023-09-07 09:35:50,373 [INFO] IPUIPlugin:80 - create IPUIPlugin
2023-09-07 09:35:50,373 [INFO] IPUIPlugin:80 - create IPUIPlugin
2023-09-07 09:35:50,373 [INFO] IPUIPlugin:80 - create IPUIPlugin
2023-09-07 09:35:50,373 [INFO] IPUIPlugin:80 - create IPUIPlugin
2023-09-07 09:35:50,373 [INFO] IPUIPlugin:80 - create IPUIPlugin
2023-09-07 09:35:50,373 [INFO] IPUIPlugin:80 - create IPUIPlugin
2023-09-07 09:35:50,373 [INFO] IPUIPlugin:80 - create IPUIPlugin
2023-09-07 09:35:50,373 [INFO] IPUIPlugin:80 - create IPUIPlugin
2023-09-07 09:35:50,373 [INFO] IPUIPlugin:80 - create IPUIPlugin
2023-09-07 09:35:50,373 [INFO] IPUIPlugin:80 - create IPUIPlugin
2023-09-07 09:35:50,373 [INFO] IPUIPlugin:80 - create IPUIPlugin
2023-09-07 09:35:50,373 [INFO] IPUIPlugin:80 - create IPUIPlugin
2023-09-07 09:35:50,373 [INFO] IPUIPlugin:80 - create IPUIPlugin
2023-09-07 09:35:50,373 [INFO] IPUIPlugin:80 - create IPUIPlugin
2023-09-07 09:35:50,373 [INFO] IPUIPlugin:80 - create IPUIPlugin
2023-09-07 09:35:50,373 [INFO] IPUIPlugin:80 - create IPUIPlugin
2023-09-07 09:35:50,373 [INFO] IPUIPlugin:80 - create IPUIPlugin
2023-09-07 09:35:50,373 [INFO] IPUIPlugin:80 - create IPUIPlugin
2023-09-07 09:35:50,374 [INFO] IPUIPlugin:80 - create IPUIPlugin
2023-09-07 09:35:50,374 [INFO] IPUIPlugin:80 - create IPUIPlugin
2023-09-07 09:35:50,374 [INFO] IPUIPlugin:80 - create IPUIPlugin
2023-09-07 09:35:50,374 [INFO] IPUIPlugin:80 - create IPUIPlugin
2023-09-07 09:35:50,374 [INFO] IPUIPlugin:80 - create IPUIPlugin
2023-09-07 09:35:50,374 [INFO] IPUIPlugin:80 - create IPUIPlugin
2023-09-07 09:35:50,374 [INFO] IPUIPlugin:80 - create IPUIPlugin
2023-09-07 09:35:50,374 [INFO] IPUIPlugin:80 - create IPUIPlugin
2023-09-07 09:35:50,374 [INFO] IPUIPlugin:80 - create IPUIPlugin
2023-09-07 09:35:50,374 [INFO] IPUIPlugin:80 - create IPUIPlugin
2023-09-07 09:35:50,374 [INFO] IPUIPlugin:80 - create IPUIPlugin
2023-09-07 09:35:50,374 [INFO] IPUIPlugin:80 - create IPUIPlugin
2023-09-07 09:35:50,374 [INFO] IPUIPlugin:80 - create IPUIPlugin
2023-09-07 09:35:50,375 [INFO] IPUIPlugin:80 - create IPUIPlugin
2023-09-07 09:35:50,375 [INFO] IPUIPlugin:80 - create IPUIPlugin
2023-09-07 09:35:50,375 [INFO] IPUIPlugin:80 - create IPUIPlugin
2023-09-07 09:35:50,375 [INFO] IPUIPlugin:80 - create IPUIPlugin
2023-09-07 09:35:50,375 [INFO] IPUIPlugin:80 - create IPUIPlugin
2023-09-07 09:35:50,375 [INFO] IPUIPlugin:80 - create IPUIPlugin
2023-09-07 09:35:50,375 [INFO] IPUIPlugin:80 - create IPUIPlugin
2023-09-07 09:35:50,375 [INFO] IPUIPlugin:80 - create IPUIPlugin
2023-09-07 09:35:50,375 [INFO] IPUIPlugin:80 - create IPUIPlugin
2023-09-07 09:35:50,375 [INFO] IPUIPlugin:80 - create IPUIPlugin
2023-09-07 09:35:50,375 [INFO] IPUIPlugin:80 - create IPUIPlugin
2023-09-07 09:35:50,375 [INFO] IPUIPlugin:80 - create IPUIPlugin
2023-09-07 09:35:50,375 [INFO] IPUIPlugin:80 - create IPUIPlugin
2023-09-07 09:35:50,376 [INFO] IPUIPlugin:80 - create IPUIPlugin
2023-09-07 09:35:50,376 [INFO] IPUIPlugin:80 - create IPUIPlugin
2023-09-07 09:35:50,376 [INFO] IPUIPlugin:80 - create IPUIPlugin
2023-09-07 09:35:50,376 [INFO] IPUIPlugin:80 - create IPUIPlugin
2023-09-07 09:35:50,376 [INFO] IPUIPlugin:80 - create IPUIPlugin
2023-09-07 09:35:50,376 [INFO] IPUIPlugin:80 - create IPUIPlugin
2023-09-07 09:35:50,377 [INFO] IPUIPlugin:80 - create IPUIPlugin
2023-09-07 09:35:50,377 [INFO] IPUIPlugin:80 - create IPUIPlugin
2023-09-07 09:35:50,377 [INFO] IPUIPlugin:80 - create IPUIPlugin
2023-09-07 09:35:50,378 [INFO] IPUIPlugin:80 - create IPUIPlugin
2023-09-07 09:35:50,378 [INFO] IPUIPlugin:80 - create IPUIPlugin
2023-09-07 09:35:50,378 [INFO] IPUIPlugin:80 - create IPUIPlugin
2023-09-07 09:35:50,380 [INFO] ApiDbMcu:507 - Load IP Config File for PDM2PCM
2023-09-07 09:35:50,390 [INFO] CADModel:165 - CPN selected for project levelSTM32F407VGT6
2023-09-07 09:35:50,390 [INFO] CADModel:114 - Register for checkConnection events
2023-09-07 09:35:50,448 [INFO] OpenFileManager:328 - Restore cursor
